Log file open, 03/18/20 23:04:53
LogWindows: Failed to load 'aqProf.dll' (GetLastError=126)
LogWindows: File 'aqProf.dll' does not exist
LogWindows: Failed to load 'VtuneApi.dll' (GetLastError=126)
LogWindows: File 'VtuneApi.dll' does not exist
LogWindows: Failed to load 'VtuneApi32e.dll' (GetLastError=126)
LogWindows: File 'VtuneApi32e.dll' does not exist
LogConsoleResponse: Display: Failed to find resolution value strings in scalability ini. Falling back to default.
LogInit: Display: Running engine for game: VirtualWorldsMetroid
LogPlatformFile: Not using cached read wrapper
LogTaskGraph: Started task graph with 5 named threads and 47 total threads with 3 sets of task threads.
LogStats: Stats thread started at 0.049233
LogD3D11RHI: Loaded GFSDK_Aftermath_Lib.x64.dll
LogICUInternationalization: ICU TimeZone Detection - Raw Offset: -7:00, Platform Override: ''
LogPluginManager: Mounting plugin Paper2D
LogPluginManager: Mounting plugin AISupport
LogPluginManager: Mounting plugin LightPropagationVolume
LogPluginManager: Mounting plugin ActorLayerUtilities
LogPluginManager: Mounting plugin AnimationSharing
LogPluginManager: Mounting plugin CLionSourceCodeAccess
LogPluginManager: Mounting plugin CodeLiteSourceCodeAccess
LogPluginManager: Mounting plugin GitSourceControl
LogPluginManager: Mounting plugin KDevelopSourceCodeAccess
LogPluginManager: Mounting plugin NullSourceCodeAccess
LogPluginManager: Mounting plugin PerforceSourceControl
LogPluginManager: Mounting plugin SubversionSourceControl
LogPluginManager: Mounting plugin UObjectPlugin
LogPluginManager: Mounting plugin VisualStudioCodeSourceCodeAccess
LogPluginManager: Mounting plugin VisualStudioSourceCodeAccess
LogPluginManager: Mounting plugin XCodeSourceCodeAccess
LogPluginManager: Mounting plugin AssetManagerEditor
LogPluginManager: Mounting plugin CryptoKeys
LogPluginManager: Mounting plugin CurveEditorTools
LogPluginManager: Mounting plugin DataValidation
LogPluginManager: Mounting plugin FacialAnimation
LogPluginManager: Mounting plugin GameplayTagsEditor
LogPluginManager: Mounting plugin MacGraphicsSwitching
LogPluginManager: Mounting plugin MaterialAnalyzer
LogPluginManager: Mounting plugin MobileLauncherProfileWizard
LogPluginManager: Mounting plugin PluginBrowser
LogPluginManager: Mounting plugin SpeedTreeImporter
LogPluginManager: Mounting plugin DatasmithContent
LogPluginManager: Mounting plugin VariantManagerContent
LogPluginManager: Mounting plugin AlembicImporter
LogPluginManager: Mounting plugin AutomationUtils
LogPluginManager: Mounting plugin BackChannel
LogPluginManager: Mounting plugin CharacterAI
LogPluginManager: Mounting plugin GeometryCache
LogPluginManager: Mounting plugin HTML5Networking
LogPluginManager: Mounting plugin PlatformCrypto
LogPluginManager: Mounting plugin ProxyLODPlugin
LogPluginManager: Mounting plugin SkeletalReduction
LogPluginManager: Mounting plugin MagicLeap
LogPluginManager: Mounting plugin MagicLeapMedia
LogPluginManager: Mounting plugin AndroidMedia
LogPluginManager: Mounting plugin AvfMedia
LogPluginManager: Mounting plugin ImgMedia
LogPluginManager: Mounting plugin MediaCompositing
LogPluginManager: Mounting plugin MediaPlayerEditor
LogPluginManager: Mounting plugin WebMMedia
LogPluginManager: Mounting plugin WmfMedia
LogPluginManager: Mounting plugin TcpMessaging
LogPluginManager: Mounting plugin UdpMessaging
LogPluginManager: Mounting plugin ActorSequence
LogPluginManager: Mounting plugin LevelSequenceEditor
LogPluginManager: Mounting plugin MatineeToLevelSequence
LogPluginManager: Mounting plugin NetcodeUnitTest
LogPluginManager: Mounting plugin NUTUnrealEngine4
LogPluginManager: Mounting plugin OnlineSubsystemGooglePlay
LogPluginManager: Mounting plugin OnlineSubsystemIOS
LogPluginManager: Mounting plugin OnlineSubsystem
LogPluginManager: Mounting plugin OnlineSubsystemNull
LogPluginManager: Mounting plugin OnlineSubsystemUtils
LogPluginManager: Mounting plugin LauncherChunkInstaller
LogPluginManager: Mounting plugin AndroidDeviceProfileSelector
LogPluginManager: Mounting plugin AndroidMoviePlayer
LogPluginManager: Mounting plugin AndroidPermission
LogPluginManager: Mounting plugin AppleImageUtils
LogPluginManager: Mounting plugin AppleMoviePlayer
LogPluginManager: Mounting plugin ArchVisCharacter
LogPluginManager: Mounting plugin AudioCapture
LogPluginManager: Mounting plugin CableComponent
LogPluginManager: Mounting plugin CustomMeshComponent
LogPluginManager: Mounting plugin EditableMesh
LogPluginManager: Mounting plugin ExampleDeviceProfileSelector
LogPluginManager: Mounting plugin GoogleCloudMessaging
LogPluginManager: Mounting plugin IOSDeviceProfileSelector
LogPluginManager: Mounting plugin LinuxDeviceProfileSelector
LogPluginManager: Mounting plugin LocationServicesBPLibrary
LogPluginManager: Mounting plugin MobilePatchingUtils
LogPluginManager: Mounting plugin OculusVR
LogPluginManager: Mounting plugin PhysXVehicles
LogPluginManager: Mounting plugin ProceduralMeshComponent
LogPluginManager: Mounting plugin RuntimePhysXCooking
LogPluginManager: Mounting plugin SignificanceManager
LogPluginManager: Mounting plugin SteamVR
LogPluginManager: Mounting plugin WebMMoviePlayer
LogPluginManager: Mounting plugin WindowsMoviePlayer
LogPluginManager: Mounting plugin ScreenshotTools
LogInit: Using libcurl 7.55.1-DEV
LogInit:  - built for x86_64-pc-win32
LogInit:  - supports SSL with OpenSSL/1.1.1
LogInit:  - supports HTTP deflate (compression) using libz 1.2.8
LogInit:  - other features:
LogInit:      CURL_VERSION_SSL
LogInit:      CURL_VERSION_LIBZ
LogInit:      CURL_VERSION_IPV6
LogInit:      CURL_VERSION_ASYNCHDNS
LogInit:      CURL_VERSION_LARGEFILE
LogInit:      CURL_VERSION_IDN
LogInit:  CurlRequestOptions (configurable via config and command line):
LogInit:  - bVerifyPeer = true  - Libcurl will verify peer certificate
LogInit:  - bUseHttpProxy = false  - Libcurl will NOT use HTTP proxy
LogInit:  - bDontReuseConnections = false  - Libcurl will reuse connections
LogInit:  - MaxHostConnections = 16  - Libcurl will limit the number of connections to a host
LogInit:  - LocalHostAddr = Default
LogInit:  - BufferSize = 65536
LogOnline: OSS: Creating online subsystem instance for: NULL
LogInit: WinSock: version 1.1 (2.2), MaxSocks=32767, MaxUdp=65467
LogInit: Build: ++UE4+Release-4.23-CL-9631420
LogInit: Engine Version: 4.23.1-9631420+++UE4+Release-4.23
LogInit: Compatible Engine Version: 4.23.0-8386587+++UE4+Release-4.23
LogInit: Net CL: 8386587
LogInit: OS: Windows 10 (Release 1903) (), CPU: Intel(R) Core(TM) i9-9900K CPU @ 3.60GHz, GPU: NVIDIA GeForce RTX 2070 SUPER
LogInit: Compiled (64-bit): Oct 18 2019 02:07:44
LogInit: Compiled with Visual C++: 19.16.27030.01
LogInit: Build Configuration: Development
LogInit: Branch Name: ++UE4+Release-4.23
LogInit: Command Line: 
LogInit: Base Directory: C:/Program Files/Epic Games/UE_4.23/Engine/Binaries/Win64/
LogInit: Installed Engine Build: 1
LogDevObjectVersion: Number of dev versions registered: 23
LogDevObjectVersion:   Dev-Blueprints (B0D832E4-1F89-4F0D-ACCF-7EB736FD4AA2): 10
LogDevObjectVersion:   Dev-Build (E1C64328-A22C-4D53-A36C-8E866417BD8C): 0
LogDevObjectVersion:   Dev-Core (375EC13C-06E4-48FB-B500-84F0262A717E): 3
LogDevObjectVersion:   Dev-Editor (E4B068ED-F494-42E9-A231-DA0B2E46BB41): 34
LogDevObjectVersion:   Dev-Framework (CFFC743F-43B0-4480-9391-14DF171D2073): 35
LogDevObjectVersion:   Dev-Mobile (B02B49B5-BB20-44E9-A304-32B752E40360): 2
LogDevObjectVersion:   Dev-Networking (A4E4105C-59A1-49B5-A7C5-40C4547EDFEE): 0
LogDevObjectVersion:   Dev-Online (39C831C9-5AE6-47DC-9A44-9C173E1C8E7C): 0
LogDevObjectVersion:   Dev-Physics (78F01B33-EBEA-4F98-B9B4-84EACCB95AA2): 0
LogDevObjectVersion:   Dev-Platform (6631380F-2D4D-43E0-8009-CF276956A95A): 0
LogDevObjectVersion:   Dev-Rendering (12F88B9F-8875-4AFC-A67C-D90C383ABD29): 31
LogDevObjectVersion:   Dev-Sequencer (7B5AE74C-D270-4C10-A958-57980B212A5A): 11
LogDevObjectVersion:   Dev-VR (D7296918-1DD6-4BDD-9DE2-64A83CC13884): 2
LogDevObjectVersion:   Dev-LoadTimes (C2A15278-BFE7-4AFE-6C17-90FF531DF755): 1
LogDevObjectVersion:   Private-Geometry (6EACA3D4-40EC-4CC1-B786-8BED09428FC5): 3
LogDevObjectVersion:   Dev-AnimPhys (29E575DD-E0A3-4627-9D10-D276232CDCEA): 17
LogDevObjectVersion:   Dev-Anim (AF43A65D-7FD3-4947-9873-3E8ED9C1BB05): 2
LogDevObjectVersion:   Dev-ReflectionCapture (6B266CEC-1EC7-4B8F-A30B-E4D90942FC07): 1
LogDevObjectVersion:   Dev-Automation (0DF73D61-A23F-47EA-B727-89E90C41499A): 1
LogDevObjectVersion:   FortniteMain (601D1886-AC64-4F84-AA16-D3DE0DEAC7D6): 27
LogDevObjectVersion:   Dev-Enterprise (9DFFBCD6-494F-0158-E221-12823C92A888): 6
LogDevObjectVersion:   Dev-Niagara (F2AED0AC-9AFE-416F-8664-AA7FFA26D6FC): 1
LogDevObjectVersion:   Dev-Destruction (174F1F0B-B4C6-45A5-B13F-2EE8D0FB917D): 9
LogInit: Presizing for max 16777216 objects, including 0 objects not considered by GC, pre-allocating 0 bytes for permanent pool.
LogInit: Object subsystem initialized
LogConfig: Setting CVar [[con.DebugEarlyDefault:1]]
LogConfig: Setting CVar [[r.setres:1280x720]]
[2020.03.19-05.04.53:614][  0]LogConfig: Setting CVar [[r.VSync:0]]
[2020.03.19-05.04.53:614][  0]LogConfig: Setting CVar [[r.RHICmdBypass:0]]
[2020.03.19-05.04.53:614][  0]LogConfig: Applying CVar settings from Section [/Script/Engine.RendererSettings] File [C:/Users/LuisA/Documents/GitHub/VirtualWorldsMetroid/VirtualWorldsMetroid/Saved/Config/Windows/Engine.ini]
[2020.03.19-05.04.53:614][  0]LogConfig: Setting CVar [[r.GPUCrashDebugging:0]]
[2020.03.19-05.04.53:614][  0]LogConfig: Applying CVar settings from Section [/Script/Engine.RendererOverrideSettings] File [C:/Users/LuisA/Documents/GitHub/VirtualWorldsMetroid/VirtualWorldsMetroid/Saved/Config/Windows/Engine.ini]
[2020.03.19-05.04.53:614][  0]LogConfig: Applying CVar settings from Section [/Script/Engine.StreamingSettings] File [C:/Users/LuisA/Documents/GitHub/VirtualWorldsMetroid/VirtualWorldsMetroid/Saved/Config/Windows/Engine.ini]
[2020.03.19-05.04.53:614][  0]LogConfig: Setting CVar [[s.MinBulkDataSizeForAsyncLoading:131072]]
[2020.03.19-05.04.53:614][  0]LogConfig: Setting CVar [[s.AsyncLoadingThreadEnabled:0]]
[2020.03.19-05.04.53:614][  0]LogConfig: Setting CVar [[s.EventDrivenLoaderEnabled:1]]
[2020.03.19-05.04.53:614][  0]LogConfig: Setting CVar [[s.WarnIfTimeLimitExceeded:0]]
[2020.03.19-05.04.53:614][  0]LogConfig: Setting CVar [[s.TimeLimitExceededMultiplier:1.5]]
[2020.03.19-05.04.53:614][  0]LogConfig: Setting CVar [[s.TimeLimitExceededMinTime:0.005]]
[2020.03.19-05.04.53:614][  0]LogConfig: Setting CVar [[s.UseBackgroundLevelStreaming:1]]
[2020.03.19-05.04.53:614][  0]LogConfig: Setting CVar [[s.PriorityAsyncLoadingExtraTime:15.0]]
[2020.03.19-05.04.53:614][  0]LogConfig: Setting CVar [[s.LevelStreamingActorsUpdateTimeLimit:5.0]]
[2020.03.19-05.04.53:614][  0]LogConfig: Setting CVar [[s.PriorityLevelStreamingActorsUpdateExtraTime:5.0]]
[2020.03.19-05.04.53:614][  0]LogConfig: Setting CVar [[s.LevelStreamingComponentsRegistrationGranularity:10]]
[2020.03.19-05.04.53:614][  0]LogConfig: Setting CVar [[s.UnregisterComponentsTimeLimit:1.0]]
[2020.03.19-05.04.53:614][  0]LogConfig: Setting CVar [[s.LevelStreamingComponentsUnregistrationGranularity:5]]
[2020.03.19-05.04.53:614][  0]LogConfig: Applying CVar settings from Section [/Script/Engine.GarbageCollectionSettings] File [C:/Users/LuisA/Documents/GitHub/VirtualWorldsMetroid/VirtualWorldsMetroid/Saved/Config/Windows/Engine.ini]
[2020.03.19-05.04.53:615][  0]LogConfig: Setting CVar [[gc.MaxObjectsNotConsideredByGC:1]]
[2020.03.19-05.04.53:615][  0]LogConfig: Setting CVar [[gc.SizeOfPermanentObjectPool:0]]
[2020.03.19-05.04.53:615][  0]LogConfig: Setting CVar [[gc.FlushStreamingOnGC:0]]
[2020.03.19-05.04.53:615][  0]LogConfig: Setting CVar [[gc.NumRetriesBeforeForcingGC:10]]
[2020.03.19-05.04.53:615][  0]LogConfig: Setting CVar [[gc.AllowParallelGC:1]]
[2020.03.19-05.04.53:615][  0]LogConfig: Setting CVar [[gc.TimeBetweenPurgingPendingKillObjects:61.1]]
[2020.03.19-05.04.53:615][  0]LogConfig: Setting CVar [[gc.MaxObjectsInEditor:16777216]]
[2020.03.19-05.04.53:615][  0]LogConfig: Setting CVar [[gc.IncrementalBeginDestroyEnabled:1]]
[2020.03.19-05.04.53:615][  0]LogConfig: Setting CVar [[gc.CreateGCClusters:1]]
[2020.03.19-05.04.53:615][  0]LogConfig: Setting CVar [[gc.MinGCClusterSize:5]]
[2020.03.19-05.04.53:615][  0]LogConfig: Setting CVar [[gc.ActorClusteringEnabled:0]]
[2020.03.19-05.04.53:615][  0]LogConfig: Setting CVar [[gc.BlueprintClusteringEnabled:0]]
[2020.03.19-05.04.53:615][  0]LogConfig: Setting CVar [[gc.UseDisregardForGCOnDedicatedServers:0]]
[2020.03.19-05.04.53:615][  0]LogConfig: Applying CVar settings from Section [/Script/Engine.NetworkSettings] File [C:/Users/LuisA/Documents/GitHub/VirtualWorldsMetroid/VirtualWorldsMetroid/Saved/Config/Windows/Engine.ini]
[2020.03.19-05.04.53:615][  0]LogConfig: Applying CVar settings from Section [/Script/UnrealEd.CookerSettings] File [C:/Users/LuisA/Documents/GitHub/VirtualWorldsMetroid/VirtualWorldsMetroid/Saved/Config/Windows/Engine.ini]
[2020.03.19-05.04.53:617][  0]LogConfig: Applying CVar settings from Section [ViewDistanceQuality@3] File [C:/Users/LuisA/Documents/GitHub/VirtualWorldsMetroid/VirtualWorldsMetroid/Saved/Config/Windows/Scalability.ini]
[2020.03.19-05.04.53:617][  0]LogConfig: Setting CVar [[r.SkeletalMeshLODBias:0]]
[2020.03.19-05.04.53:617][  0]LogConfig: Setting CVar [[r.ViewDistanceScale:1.0]]
[2020.03.19-05.04.53:617][  0]LogConfig: Applying CVar settings from Section [AntiAliasingQuality@3] File [C:/Users/LuisA/Documents/GitHub/VirtualWorldsMetroid/VirtualWorldsMetroid/Saved/Config/Windows/Scalability.ini]
[2020.03.19-05.04.53:617][  0]LogConfig: Setting CVar [[r.PostProcessAAQuality:4]]
[2020.03.19-05.04.53:617][  0]LogConfig: Applying CVar settings from Section [ShadowQuality@3] File [C:/Users/LuisA/Documents/GitHub/VirtualWorldsMetroid/VirtualWorldsMetroid/Saved/Config/Windows/Scalability.ini]
[2020.03.19-05.04.53:618][  0]LogConfig: Setting CVar [[r.LightFunctionQuality:1]]
[2020.03.19-05.04.53:618][  0]LogConfig: Setting CVar [[r.ShadowQuality:5]]
[2020.03.19-05.04.53:618][  0]LogConfig: Setting CVar [[r.Shadow.CSM.MaxCascades:10]]
[2020.03.19-05.04.53:618][  0]LogConfig: Setting CVar [[r.Shadow.MaxResolution:2048]]
[2020.03.19-05.04.53:618][  0]LogConfig: Setting CVar [[r.Shadow.MaxCSMResolution:2048]]
[2020.03.19-05.04.53:618][  0]LogConfig: Setting CVar [[r.Shadow.RadiusThreshold:0.01]]
[2020.03.19-05.04.53:618][  0]LogConfig: Setting CVar [[r.Shadow.DistanceScale:1.0]]
[2020.03.19-05.04.53:618][  0]LogConfig: Setting CVar [[r.Shadow.CSM.TransitionScale:1.0]]
[2020.03.19-05.04.53:618][  0]LogConfig: Setting CVar [[r.Shadow.PreShadowResolutionFactor:1.0]]
[2020.03.19-05.04.53:618][  0]LogConfig: Setting CVar [[r.DistanceFieldShadowing:1]]
[2020.03.19-05.04.53:618][  0]LogConfig: Setting CVar [[r.DistanceFieldAO:1]]
[2020.03.19-05.04.53:618][  0]LogConfig: Setting CVar [[r.AOQuality:2]]
[2020.03.19-05.04.53:618][  0]LogConfig: Setting CVar [[r.VolumetricFog:1]]
[2020.03.19-05.04.53:618][  0]LogConfig: Setting CVar [[r.VolumetricFog.GridPixelSize:8]]
[2020.03.19-05.04.53:618][  0]LogConfig: Setting CVar [[r.VolumetricFog.GridSizeZ:128]]
[2020.03.19-05.04.53:618][  0]LogConfig: Setting CVar [[r.VolumetricFog.HistoryMissSupersampleCount:4]]
[2020.03.19-05.04.53:618][  0]LogConfig: Setting CVar [[r.LightMaxDrawDistanceScale:1]]
[2020.03.19-05.04.53:618][  0]LogConfig: Setting CVar [[r.CapsuleShadows:1]]
[2020.03.19-05.04.53:618][  0]LogConfig: Applying CVar settings from Section [PostProcessQuality@3] File [C:/Users/LuisA/Documents/GitHub/VirtualWorldsMetroid/VirtualWorldsMetroid/Saved/Config/Windows/Scalability.ini]
[2020.03.19-05.04.53:618][  0]LogConfig: Setting CVar [[r.MotionBlurQuality:4]]
[2020.03.19-05.04.53:618][  0]LogConfig: Setting CVar [[r.AmbientOcclusionMipLevelFactor:0.4]]
[2020.03.19-05.04.53:618][  0]LogConfig: Setting CVar [[r.AmbientOcclusionMaxQuality:100]]
[2020.03.19-05.04.53:618][  0]LogConfig: Setting CVar [[r.AmbientOcclusionLevels:-1]]
[2020.03.19-05.04.53:618][  0]LogConfig: Setting CVar [[r.AmbientOcclusionRadiusScale:1.0]]
[2020.03.19-05.04.53:618][  0]LogConfig: Setting CVar [[r.DepthOfFieldQuality:2]]
[2020.03.19-05.04.53:618][  0]LogConfig: Setting CVar [[r.RenderTargetPoolMin:400]]
[2020.03.19-05.04.53:618][  0]LogConfig: Setting CVar [[r.LensFlareQuality:2]]
[2020.03.19-05.04.53:618][  0]LogConfig: Setting CVar [[r.SceneColorFringeQuality:1]]
[2020.03.19-05.04.53:618][  0]LogConfig: Setting CVar [[r.EyeAdaptationQuality:2]]
[2020.03.19-05.04.53:618][  0]LogConfig: Setting CVar [[r.BloomQuality:5]]
[2020.03.19-05.04.53:618][  0]LogConfig: Setting CVar [[r.FastBlurThreshold:100]]
[2020.03.19-05.04.53:618][  0]LogConfig: Setting CVar [[r.Upscale.Quality:3]]
[2020.03.19-05.04.53:618][  0]LogConfig: Setting CVar [[r.Tonemapper.GrainQuantization:1]]
[2020.03.19-05.04.53:618][  0]LogConfig: Setting CVar [[r.LightShaftQuality:1]]
[2020.03.19-05.04.53:618][  0]LogConfig: Setting CVar [[r.Filter.SizeScale:1]]
[2020.03.19-05.04.53:618][  0]LogConfig: Setting CVar [[r.Tonemapper.Quality:5]]
[2020.03.19-05.04.53:618][  0]LogConfig: Setting CVar [[r.DOF.Gather.AccumulatorQuality:1        ; higher gathering accumulator quality]]
[2020.03.19-05.04.53:618][  0]LogConfig: Setting CVar [[r.DOF.Gather.PostfilterMethod:1          ; Median3x3 postfilering method]]
[2020.03.19-05.04.53:618][  0]LogConfig: Setting CVar [[r.DOF.Gather.EnableBokehSettings:0       ; no bokeh simulation when gathering]]
[2020.03.19-05.04.53:618][  0]LogConfig: Setting CVar [[r.DOF.Gather.RingCount:4                 ; medium number of samples when gathering]]
[2020.03.19-05.04.53:618][  0]LogConfig: Setting CVar [[r.DOF.Scatter.ForegroundCompositing:1    ; additive foreground scattering]]
[2020.03.19-05.04.53:618][  0]LogConfig: Setting CVar [[r.DOF.Scatter.BackgroundCompositing:2    ; additive background scattering]]
[2020.03.19-05.04.53:618][  0]LogConfig: Setting CVar [[r.DOF.Scatter.EnableBokehSettings:1      ; bokeh simulation when scattering]]
[2020.03.19-05.04.53:618][  0]LogConfig: Setting CVar [[r.DOF.Scatter.MaxSpriteRatio:0.1         ; only a maximum of 10% of scattered bokeh]]
[2020.03.19-05.04.53:618][  0]LogConfig: Setting CVar [[r.DOF.Recombine.Quality:1                ; cheap slight out of focus]]
[2020.03.19-05.04.53:618][  0]LogConfig: Setting CVar [[r.DOF.Recombine.EnableBokehSettings:0    ; no bokeh simulation on slight out of focus]]
[2020.03.19-05.04.53:618][  0]LogConfig: Setting CVar [[r.DOF.TemporalAAQuality:1                ; more stable temporal accumulation]]
[2020.03.19-05.04.53:618][  0]LogConfig: Setting CVar [[r.DOF.Kernel.MaxForegroundRadius:0.025]]
[2020.03.19-05.04.53:618][  0]LogConfig: Setting CVar [[r.DOF.Kernel.MaxBackgroundRadius:0.025]]
[2020.03.19-05.04.53:618][  0]LogConfig: Applying CVar settings from Section [TextureQuality@3] File [C:/Users/LuisA/Documents/GitHub/VirtualWorldsMetroid/VirtualWorldsMetroid/Saved/Config/Windows/Scalability.ini]
[2020.03.19-05.04.53:618][  0]LogConfig: Setting CVar [[r.Streaming.MipBias:0]]
[2020.03.19-05.04.53:618][  0]LogConfig: Setting CVar [[r.Streaming.AmortizeCPUToGPUCopy:0]]
[2020.03.19-05.04.53:618][  0]LogConfig: Setting CVar [[r.Streaming.MaxNumTexturesToStreamPerFrame:0]]
[2020.03.19-05.04.53:618][  0]LogConfig: Setting CVar [[r.Streaming.Boost:1]]
[2020.03.19-05.04.53:618][  0]LogConfig: Setting CVar [[r.MaxAnisotropy:8]]
[2020.03.19-05.04.53:618][  0]LogConfig: Setting CVar [[r.Streaming.LimitPoolSizeToVRAM:0]]
[2020.03.19-05.04.53:618][  0]LogConfig: Setting CVar [[r.Streaming.PoolSize:1000]]
[2020.03.19-05.04.53:618][  0]LogConfig: Setting CVar [[r.Streaming.MaxEffectiveScreenSize:0]]
[2020.03.19-05.04.53:618][  0]LogConfig: Applying CVar settings from Section [EffectsQuality@3] File [C:/Users/LuisA/Documents/GitHub/VirtualWorldsMetroid/VirtualWorldsMetroid/Saved/Config/Windows/Scalability.ini]
[2020.03.19-05.04.53:618][  0]LogConfig: Setting CVar [[r.TranslucencyLightingVolumeDim:64]]
[2020.03.19-05.04.53:618][  0]LogConfig: Setting CVar [[r.RefractionQuality:2]]
[2020.03.19-05.04.53:618][  0]LogConfig: Setting CVar [[r.SSR.Quality:3]]
[2020.03.19-05.04.53:618][  0]LogConfig: Setting CVar [[r.SceneColorFormat:4]]
[2020.03.19-05.04.53:618][  0]LogConfig: Setting CVar [[r.DetailMode:2]]
[2020.03.19-05.04.53:618][  0]LogConfig: Setting CVar [[r.TranslucencyVolumeBlur:1]]
[2020.03.19-05.04.53:618][  0]LogConfig: Setting CVar [[r.MaterialQualityLevel:1 ; High quality]]
[2020.03.19-05.04.53:618][  0]LogConfig: Setting CVar [[r.SSS.Scale:1]]
[2020.03.19-05.04.53:618][  0]LogConfig: Setting CVar [[r.SSS.SampleSet:2]]
[2020.03.19-05.04.53:618][  0]LogConfig: Setting CVar [[r.SSS.Quality:1]]
[2020.03.19-05.04.53:618][  0]LogConfig: Setting CVar [[r.SSS.HalfRes:1]]
[2020.03.19-05.04.53:618][  0]LogConfig: Setting CVar [[r.EmitterSpawnRateScale:1.0]]
[2020.03.19-05.04.53:618][  0]LogConfig: Setting CVar [[r.ParticleLightQuality:2]]
[2020.03.19-05.04.53:618][  0]LogConfig: Applying CVar settings from Section [FoliageQuality@3] File [C:/Users/LuisA/Documents/GitHub/VirtualWorldsMetroid/VirtualWorldsMetroid/Saved/Config/Windows/Scalability.ini]
[2020.03.19-05.04.53:618][  0]LogConfig: Setting CVar [[foliage.DensityScale:1.0]]
[2020.03.19-05.04.53:618][  0]LogConfig: Setting CVar [[grass.DensityScale:1.0]]
[2020.03.19-05.04.53:618][  0]LogInit: Selected Device Profile: [Windows]
[2020.03.19-05.04.53:618][  0]LogInit: Applying CVar settings loaded from the selected device profile: [Windows]
[2020.03.19-05.04.53:620][  0]LogHAL: Display: Platform has ~ 32 GB [34286116864 / 34359738368 / 32], which maps to Largest [LargestMinGB=32, LargerMinGB=12, DefaultMinGB=8, SmallerMinGB=6, SmallestMinGB=0)
[2020.03.19-05.04.53:620][  0]LogInit: Going up to parent DeviceProfile []
[2020.03.19-05.04.53:620][  0]LogConfig: Applying CVar settings from Section [ViewDistanceQuality@3] File [C:/Users/LuisA/Documents/GitHub/VirtualWorldsMetroid/VirtualWorldsMetroid/Saved/Config/Windows/Scalability.ini]
[2020.03.19-05.04.53:620][  0]LogConfig: Setting CVar [[r.SkeletalMeshLODBias:0]]
[2020.03.19-05.04.53:620][  0]LogConfig: Setting CVar [[r.ViewDistanceScale:1.0]]
[2020.03.19-05.04.53:620][  0]LogConfig: Applying CVar settings from Section [AntiAliasingQuality@3] File [C:/Users/LuisA/Documents/GitHub/VirtualWorldsMetroid/VirtualWorldsMetroid/Saved/Config/Windows/Scalability.ini]
[2020.03.19-05.04.53:620][  0]LogConfig: Setting CVar [[r.PostProcessAAQuality:4]]
[2020.03.19-05.04.53:620][  0]LogConfig: Applying CVar settings from Section [ShadowQuality@3] File [C:/Users/LuisA/Documents/GitHub/VirtualWorldsMetroid/VirtualWorldsMetroid/Saved/Config/Windows/Scalability.ini]
[2020.03.19-05.04.53:620][  0]LogConfig: Setting CVar [[r.LightFunctionQuality:1]]
[2020.03.19-05.04.53:620][  0]LogConfig: Setting CVar [[r.ShadowQuality:5]]
[2020.03.19-05.04.53:620][  0]LogConfig: Setting CVar [[r.Shadow.CSM.MaxCascades:10]]
[2020.03.19-05.04.53:620][  0]LogConfig: Setting CVar [[r.Shadow.MaxResolution:2048]]
[2020.03.19-05.04.53:620][  0]LogConfig: Setting CVar [[r.Shadow.MaxCSMResolution:2048]]
[2020.03.19-05.04.53:620][  0]LogConfig: Setting CVar [[r.Shadow.RadiusThreshold:0.01]]
[2020.03.19-05.04.53:620][  0]LogConfig: Setting CVar [[r.Shadow.DistanceScale:1.0]]
[2020.03.19-05.04.53:620][  0]LogConfig: Setting CVar [[r.Shadow.CSM.TransitionScale:1.0]]
[2020.03.19-05.04.53:620][  0]LogConfig: Setting CVar [[r.Shadow.PreShadowResolutionFactor:1.0]]
[2020.03.19-05.04.53:620][  0]LogConfig: Setting CVar [[r.DistanceFieldShadowing:1]]
[2020.03.19-05.04.53:620][  0]LogConfig: Setting CVar [[r.DistanceFieldAO:1]]
[2020.03.19-05.04.53:620][  0]LogConfig: Setting CVar [[r.AOQuality:2]]
[2020.03.19-05.04.53:620][  0]LogConfig: Setting CVar [[r.VolumetricFog:1]]
[2020.03.19-05.04.53:620][  0]LogConfig: Setting CVar [[r.VolumetricFog.GridPixelSize:8]]
[2020.03.19-05.04.53:620][  0]LogConfig: Setting CVar [[r.VolumetricFog.GridSizeZ:128]]
[2020.03.19-05.04.53:620][  0]LogConfig: Setting CVar [[r.VolumetricFog.HistoryMissSupersampleCount:4]]
[2020.03.19-05.04.53:620][  0]LogConfig: Setting CVar [[r.LightMaxDrawDistanceScale:1]]
[2020.03.19-05.04.53:620][  0]LogConfig: Setting CVar [[r.CapsuleShadows:1]]
[2020.03.19-05.04.53:620][  0]LogConfig: Applying CVar settings from Section [PostProcessQuality@3] File [C:/Users/LuisA/Documents/GitHub/VirtualWorldsMetroid/VirtualWorldsMetroid/Saved/Config/Windows/Scalability.ini]
[2020.03.19-05.04.53:620][  0]LogConfig: Setting CVar [[r.MotionBlurQuality:4]]
[2020.03.19-05.04.53:620][  0]LogConfig: Setting CVar [[r.AmbientOcclusionMipLevelFactor:0.4]]
[2020.03.19-05.04.53:620][  0]LogConfig: Setting CVar [[r.AmbientOcclusionMaxQuality:100]]
[2020.03.19-05.04.53:620][  0]LogConfig: Setting CVar [[r.AmbientOcclusionLevels:-1]]
[2020.03.19-05.04.53:620][  0]LogConfig: Setting CVar [[r.AmbientOcclusionRadiusScale:1.0]]
[2020.03.19-05.04.53:620][  0]LogConfig: Setting CVar [[r.DepthOfFieldQuality:2]]
[2020.03.19-05.04.53:620][  0]LogConfig: Setting CVar [[r.RenderTargetPoolMin:400]]
[2020.03.19-05.04.53:620][  0]LogConfig: Setting CVar [[r.LensFlareQuality:2]]
[2020.03.19-05.04.53:620][  0]LogConfig: Setting CVar [[r.SceneColorFringeQuality:1]]
[2020.03.19-05.04.53:620][  0]LogConfig: Setting CVar [[r.EyeAdaptationQuality:2]]
[2020.03.19-05.04.53:620][  0]LogConfig: Setting CVar [[r.BloomQuality:5]]
[2020.03.19-05.04.53:620][  0]LogConfig: Setting CVar [[r.FastBlurThreshold:100]]
[2020.03.19-05.04.53:620][  0]LogConfig: Setting CVar [[r.Upscale.Quality:3]]
[2020.03.19-05.04.53:620][  0]LogConfig: Setting CVar [[r.Tonemapper.GrainQuantization:1]]
[2020.03.19-05.04.53:620][  0]LogConfig: Setting CVar [[r.LightShaftQuality:1]]
[2020.03.19-05.04.53:620][  0]LogConfig: Setting CVar [[r.Filter.SizeScale:1]]
[2020.03.19-05.04.53:620][  0]LogConfig: Setting CVar [[r.Tonemapper.Quality:5]]
[2020.03.19-05.04.53:620][  0]LogConfig: Setting CVar [[r.DOF.Gather.AccumulatorQuality:1        ; higher gathering accumulator quality]]
[2020.03.19-05.04.53:620][  0]LogConfig: Setting CVar [[r.DOF.Gather.PostfilterMethod:1          ; Median3x3 postfilering method]]
[2020.03.19-05.04.53:620][  0]LogConfig: Setting CVar [[r.DOF.Gather.EnableBokehSettings:0       ; no bokeh simulation when gathering]]
[2020.03.19-05.04.53:621][  0]LogConfig: Setting CVar [[r.DOF.Gather.RingCount:4                 ; medium number of samples when gathering]]
[2020.03.19-05.04.53:621][  0]LogConfig: Setting CVar [[r.DOF.Scatter.ForegroundCompositing:1    ; additive foreground scattering]]
[2020.03.19-05.04.53:621][  0]LogConfig: Setting CVar [[r.DOF.Scatter.BackgroundCompositing:2    ; additive background scattering]]
[2020.03.19-05.04.53:621][  0]LogConfig: Setting CVar [[r.DOF.Scatter.EnableBokehSettings:1      ; bokeh simulation when scattering]]
[2020.03.19-05.04.53:621][  0]LogConfig: Setting CVar [[r.DOF.Scatter.MaxSpriteRatio:0.1         ; only a maximum of 10% of scattered bokeh]]
[2020.03.19-05.04.53:621][  0]LogConfig: Setting CVar [[r.DOF.Recombine.Quality:1                ; cheap slight out of focus]]
[2020.03.19-05.04.53:621][  0]LogConfig: Setting CVar [[r.DOF.Recombine.EnableBokehSettings:0    ; no bokeh simulation on slight out of focus]]
[2020.03.19-05.04.53:621][  0]LogConfig: Setting CVar [[r.DOF.TemporalAAQuality:1                ; more stable temporal accumulation]]
[2020.03.19-05.04.53:621][  0]LogConfig: Setting CVar [[r.DOF.Kernel.MaxForegroundRadius:0.025]]
[2020.03.19-05.04.53:621][  0]LogConfig: Setting CVar [[r.DOF.Kernel.MaxBackgroundRadius:0.025]]
[2020.03.19-05.04.53:621][  0]LogConfig: Applying CVar settings from Section [TextureQuality@3] File [C:/Users/LuisA/Documents/GitHub/VirtualWorldsMetroid/VirtualWorldsMetroid/Saved/Config/Windows/Scalability.ini]
[2020.03.19-05.04.53:621][  0]LogConfig: Setting CVar [[r.Streaming.MipBias:0]]
[2020.03.19-05.04.53:621][  0]LogConfig: Setting CVar [[r.Streaming.AmortizeCPUToGPUCopy:0]]
[2020.03.19-05.04.53:621][  0]LogConfig: Setting CVar [[r.Streaming.MaxNumTexturesToStreamPerFrame:0]]
[2020.03.19-05.04.53:621][  0]LogConfig: Setting CVar [[r.Streaming.Boost:1]]
[2020.03.19-05.04.53:621][  0]LogConfig: Setting CVar [[r.MaxAnisotropy:8]]
[2020.03.19-05.04.53:621][  0]LogConfig: Setting CVar [[r.Streaming.LimitPoolSizeToVRAM:0]]
[2020.03.19-05.04.53:621][  0]LogConfig: Setting CVar [[r.Streaming.PoolSize:1000]]
[2020.03.19-05.04.53:621][  0]LogConfig: Setting CVar [[r.Streaming.MaxEffectiveScreenSize:0]]
[2020.03.19-05.04.53:621][  0]LogConfig: Applying CVar settings from Section [EffectsQuality@3] File [C:/Users/LuisA/Documents/GitHub/VirtualWorldsMetroid/VirtualWorldsMetroid/Saved/Config/Windows/Scalability.ini]
[2020.03.19-05.04.53:621][  0]LogConfig: Setting CVar [[r.TranslucencyLightingVolumeDim:64]]
[2020.03.19-05.04.53:621][  0]LogConfig: Setting CVar [[r.RefractionQuality:2]]
[2020.03.19-05.04.53:621][  0]LogConfig: Setting CVar [[r.SSR.Quality:3]]
[2020.03.19-05.04.53:621][  0]LogConfig: Setting CVar [[r.SceneColorFormat:4]]
[2020.03.19-05.04.53:621][  0]LogConfig: Setting CVar [[r.DetailMode:2]]
[2020.03.19-05.04.53:621][  0]LogConfig: Setting CVar [[r.TranslucencyVolumeBlur:1]]
[2020.03.19-05.04.53:621][  0]LogConfig: Setting CVar [[r.MaterialQualityLevel:1 ; High quality]]
[2020.03.19-05.04.53:621][  0]LogConfig: Setting CVar [[r.SSS.Scale:1]]
[2020.03.19-05.04.53:621][  0]LogConfig: Setting CVar [[r.SSS.SampleSet:2]]
[2020.03.19-05.04.53:621][  0]LogConfig: Setting CVar [[r.SSS.Quality:1]]
[2020.03.19-05.04.53:621][  0]LogConfig: Setting CVar [[r.SSS.HalfRes:1]]
[2020.03.19-05.04.53:621][  0]LogConfig: Setting CVar [[r.EmitterSpawnRateScale:1.0]]
[2020.03.19-05.04.53:621][  0]LogConfig: Setting CVar [[r.ParticleLightQuality:2]]
[2020.03.19-05.04.53:621][  0]LogConfig: Applying CVar settings from Section [FoliageQuality@3] File [C:/Users/LuisA/Documents/GitHub/VirtualWorldsMetroid/VirtualWorldsMetroid/Saved/Config/Windows/Scalability.ini]
[2020.03.19-05.04.53:621][  0]LogConfig: Setting CVar [[foliage.DensityScale:1.0]]
[2020.03.19-05.04.53:621][  0]LogConfig: Setting CVar [[grass.DensityScale:1.0]]
[2020.03.19-05.04.53:621][  0]LogConfig: Applying CVar settings from Section [Startup] File [../../../Engine/Config/ConsoleVariables.ini]
[2020.03.19-05.04.53:621][  0]LogConfig: Setting CVar [[net.UseAdaptiveNetUpdateFrequency:0]]
[2020.03.19-05.04.53:621][  0]LogConfig: Setting CVar [[p.chaos.AllowCreatePhysxBodies:1]]
[2020.03.19-05.04.53:621][  0]LogConfig: Applying CVar settings from Section [ConsoleVariables] File [C:/Users/LuisA/Documents/GitHub/VirtualWorldsMetroid/VirtualWorldsMetroid/Saved/Config/Windows/Engine.ini]
[2020.03.19-05.04.53:621][  0]LogInit: Computer: DESKTOP-JTDDESH
[2020.03.19-05.04.53:621][  0]LogInit: User: LuisA
[2020.03.19-05.04.53:621][  0]LogInit: CPU Page size=4096, Cores=8
[2020.03.19-05.04.53:621][  0]LogInit: High frequency timer resolution =10.000000 MHz
[2020.03.19-05.04.53:621][  0]LogMemory: Memory total: Physical=31.9GB (32GB approx)
[2020.03.19-05.04.53:621][  0]LogMemory: Platform Memory Stats for Windows
[2020.03.19-05.04.53:621][  0]LogMemory: Process Physical Memory: 103.14 MB used, 103.14 MB peak
[2020.03.19-05.04.53:621][  0]LogMemory: Process Virtual Memory: 100.72 MB used, 100.72 MB peak
[2020.03.19-05.04.53:621][  0]LogMemory: Physical Memory: 6658.02 MB used,  26039.77 MB free, 32697.79 MB total
[2020.03.19-05.04.53:621][  0]LogMemory: Virtual Memory: 4701.65 MB used,  134213024.00 MB free, 134217728.00 MB total
[2020.03.19-05.04.53:622][  0]LogWindows: WindowsPlatformFeatures enabled
[2020.03.19-05.04.53:636][  0]LogInit: Using OS detected language (en-US).
[2020.03.19-05.04.53:636][  0]LogInit: Using OS detected locale (en-US).
[2020.03.19-05.04.53:636][  0]LogTextLocalizationManager: No specific localization for 'en-US' exists, so the 'en' localization will be used.
[2020.03.19-05.04.53:741][  0]LogInit: Setting process to per monitor DPI aware
[2020.03.19-05.04.53:763][  0]LogSlate: New Slate User Created.  User Index 0, Is Virtual User: 0
[2020.03.19-05.04.53:763][  0]LogSlate: Slate User Registered.  User Index 0, Is Virtual User: 0
[2020.03.19-05.04.53:863][  0]LogHMD: Failed to initialize OpenVR with code 110
[2020.03.19-05.04.53:863][  0]LogD3D11RHI: D3D11 adapters:
[2020.03.19-05.04.53:911][  0]LogD3D11RHI:    0. 'NVIDIA GeForce RTX 2070 SUPER' (Feature Level 11_0)
[2020.03.19-05.04.53:912][  0]LogD3D11RHI:       8011/0/16348 MB DedicatedVideo/DedicatedSystem/SharedSystem, Outputs:2, VendorId:0x10de
[2020.03.19-05.04.53:913][  0]LogD3D11RHI:    1. 'Microsoft Basic Render Driver' (Feature Level 11_0)
[2020.03.19-05.04.53:913][  0]LogD3D11RHI:       0/0/16348 MB DedicatedVideo/DedicatedSystem/SharedSystem, Outputs:0, VendorId:0x1414
[2020.03.19-05.04.53:913][  0]LogD3D11RHI: Chosen D3D11 Adapter: 0
[2020.03.19-05.04.53:917][  0]LogD3D11RHI: Creating new Direct3DDevice
[2020.03.19-05.04.53:917][  0]LogD3D11RHI:     GPU DeviceId: 0x1e84 (for the marketing name, search the web for "GPU Device Id")
[2020.03.19-05.04.53:917][  0]LogWindows: EnumDisplayDevices:
[2020.03.19-05.04.53:917][  0]LogWindows:    0. 'NVIDIA GeForce RTX 2070 SUPER' (P:0 D:1)
[2020.03.19-05.04.53:918][  0]LogWindows:    1. 'NVIDIA GeForce RTX 2070 SUPER' (P:1 D:1)
[2020.03.19-05.04.53:918][  0]LogWindows:    2. 'NVIDIA GeForce RTX 2070 SUPER' (P:0 D:0)
[2020.03.19-05.04.53:918][  0]LogWindows:    3. 'NVIDIA GeForce RTX 2070 SUPER' (P:0 D:0)
[2020.03.19-05.04.53:918][  0]LogWindows: DebugString: FoundDriverCount:4 
[2020.03.19-05.04.53:918][  0]LogD3D11RHI:     Adapter Name: NVIDIA GeForce RTX 2070 SUPER
[2020.03.19-05.04.53:918][  0]LogD3D11RHI:   Driver Version: 442.59 (internal:26.21.14.4259, unified:442.59)
[2020.03.19-05.04.53:918][  0]LogD3D11RHI:      Driver Date: 3-4-2020
[2020.03.19-05.04.53:918][  0]LogRHI: Texture pool is 5607 MB (70% of 8011 MB)
[2020.03.19-05.04.53:951][  0]LogD3D11RHI: Async texture creation enabled
[2020.03.19-05.04.53:970][  0]LogD3D11RHI: GPU Timing Frequency: 1000.000000 (Debug: 2 1)
[2020.03.19-05.04.54:151][  0]LogTemp: Display: Module 'AllDesktopTargetPlatform' loaded TargetPlatform 'AllDesktop'
[2020.03.19-05.04.54:157][  0]LogTemp: Display: Module 'MacClientTargetPlatform' loaded TargetPlatform 'MacClient'
[2020.03.19-05.04.54:163][  0]LogTemp: Display: Module 'MacNoEditorTargetPlatform' loaded TargetPlatform 'MacNoEditor'
[2020.03.19-05.04.54:169][  0]LogTemp: Display: Module 'MacServerTargetPlatform' loaded TargetPlatform 'MacServer'
[2020.03.19-05.04.54:175][  0]LogTemp: Display: Module 'MacTargetPlatform' loaded TargetPlatform 'Mac'
[2020.03.19-05.04.54:181][  0]LogTemp: Display: Module 'WindowsClientTargetPlatform' loaded TargetPlatform 'WindowsClient'
[2020.03.19-05.04.54:186][  0]LogTemp: Display: Module 'WindowsNoEditorTargetPlatform' loaded TargetPlatform 'WindowsNoEditor'
[2020.03.19-05.04.54:192][  0]LogTemp: Display: Module 'WindowsServerTargetPlatform' loaded TargetPlatform 'WindowsServer'
[2020.03.19-05.04.54:195][  0]LogTemp: Display: Module 'WindowsTargetPlatform' loaded TargetPlatform 'Windows'
[2020.03.19-05.04.54:216][  0]LogTemp: Display: Module 'AndroidTargetPlatform' loaded TargetPlatform 'Android'
[2020.03.19-05.04.54:216][  0]LogTemp: Display: Module 'AndroidTargetPlatform' loaded TargetPlatform 'Android_ASTC'
[2020.03.19-05.04.54:216][  0]LogTemp: Display: Module 'AndroidTargetPlatform' loaded TargetPlatform 'Android_ATC'
[2020.03.19-05.04.54:216][  0]LogTemp: Display: Module 'AndroidTargetPlatform' loaded TargetPlatform 'Android_DXT'
[2020.03.19-05.04.54:216][  0]LogTemp: Display: Module 'AndroidTargetPlatform' loaded TargetPlatform 'Android_ETC1'
[2020.03.19-05.04.54:216][  0]LogTemp: Display: Module 'AndroidTargetPlatform' loaded TargetPlatform 'Android_ETC1a'
[2020.03.19-05.04.54:216][  0]LogTemp: Display: Module 'AndroidTargetPlatform' loaded TargetPlatform 'Android_ETC2'
[2020.03.19-05.04.54:216][  0]LogTemp: Display: Module 'AndroidTargetPlatform' loaded TargetPlatform 'Android_PVRTC'
[2020.03.19-05.04.54:216][  0]LogTemp: Display: Module 'AndroidTargetPlatform' loaded TargetPlatform 'AndroidClient'
[2020.03.19-05.04.54:216][  0]LogTemp: Display: Module 'AndroidTargetPlatform' loaded TargetPlatform 'Android_ASTCClient'
[2020.03.19-05.04.54:216][  0]LogTemp: Display: Module 'AndroidTargetPlatform' loaded TargetPlatform 'Android_ATCClient'
[2020.03.19-05.04.54:216][  0]LogTemp: Display: Module 'AndroidTargetPlatform' loaded TargetPlatform 'Android_DXTClient'
[2020.03.19-05.04.54:216][  0]LogTemp: Display: Module 'AndroidTargetPlatform' loaded TargetPlatform 'Android_ETC1Client'
[2020.03.19-05.04.54:216][  0]LogTemp: Display: Module 'AndroidTargetPlatform' loaded TargetPlatform 'Android_ETC1aClient'
[2020.03.19-05.04.54:216][  0]LogTemp: Display: Module 'AndroidTargetPlatform' loaded TargetPlatform 'Android_ETC2Client'
[2020.03.19-05.04.54:216][  0]LogTemp: Display: Module 'AndroidTargetPlatform' loaded TargetPlatform 'Android_PVRTCClient'
[2020.03.19-05.04.54:216][  0]LogTemp: Display: Module 'AndroidTargetPlatform' loaded TargetPlatform 'Android_Multi'
[2020.03.19-05.04.54:216][  0]LogTemp: Display: Module 'AndroidTargetPlatform' loaded TargetPlatform 'Android_MultiClient'
[2020.03.19-05.04.54:218][  0]LogTemp: Display: Module 'HTML5TargetPlatform' loaded TargetPlatform 'HTML5'
[2020.03.19-05.04.54:230][  0]LogTemp: Display: Module 'IOSTargetPlatform' loaded TargetPlatform 'IOSClient'
[2020.03.19-05.04.54:230][  0]LogTemp: Display: Module 'IOSTargetPlatform' loaded TargetPlatform 'IOS'
[2020.03.19-05.04.54:239][  0]LogTemp: Display: Module 'TVOSTargetPlatform' loaded TargetPlatform 'TVOSClient'
[2020.03.19-05.04.54:239][  0]LogTemp: Display: Module 'TVOSTargetPlatform' loaded TargetPlatform 'TVOS'
[2020.03.19-05.04.54:244][  0]LogTemp: Display: Module 'LinuxClientTargetPlatform' loaded TargetPlatform 'LinuxClient'
[2020.03.19-05.04.54:249][  0]LogTemp: Display: Module 'LinuxNoEditorTargetPlatform' loaded TargetPlatform 'LinuxNoEditor'
[2020.03.19-05.04.54:253][  0]LogTemp: Display: Module 'LinuxServerTargetPlatform' loaded TargetPlatform 'LinuxServer'
[2020.03.19-05.04.54:258][  0]LogTemp: Display: Module 'LinuxTargetPlatform' loaded TargetPlatform 'Linux'
[2020.03.19-05.04.54:274][  0]LogTemp: Display: Module 'LuminTargetPlatform' loaded TargetPlatform 'Lumin'
[2020.03.19-05.04.54:274][  0]LogTemp: Display: Module 'LuminTargetPlatform' loaded TargetPlatform 'LuminClient'
[2020.03.19-05.04.54:274][  0]LogTargetPlatformManager: Display: Building Assets For Windows
[2020.03.19-05.04.54:280][  0]LogAudioDebug: Display: Lib vorbis DLL was dynamically loaded.
[2020.03.19-05.04.54:311][  0]LogShaderCompilers: Guid format shader working directory is -42 characters bigger than the processId version (../../../../../../Users/LuisA/Documents/GitHub/VirtualWorldsMetroid/VirtualWorldsMetroid/Intermediate/Shaders/WorkingDirectory/5816/).
[2020.03.19-05.04.54:311][  0]LogShaderCompilers: Cleaned the shader compiler working directory 'C:/Users/LuisA/AppData/Local/Temp/UnrealShaderWorkingDir/29BAB1274063524F97DC40A3F6497CE5/'.
[2020.03.19-05.04.54:313][  0]LogXGEController: Cannot use XGE Controller as Incredibuild is not installed on this machine.
[2020.03.19-05.04.54:313][  0]LogShaderCompilers: Cannot use XGE Shader Compiler as Incredibuild is not installed on this machine.
[2020.03.19-05.04.54:313][  0]LogShaderCompilers: Display: Using Local Shader Compiler.
[2020.03.19-05.04.54:746][  0]LogDerivedDataCache: Display: Max Cache Size: 512 MB
[2020.03.19-05.04.54:779][  0]LogDerivedDataCache: Loaded boot cache 0.03s 73MB C:/Users/LuisA/AppData/Local/UnrealEngine/4.23/DerivedDataCache/Boot.ddc.
[2020.03.19-05.04.54:779][  0]LogDerivedDataCache: Display: Loaded Boot cache: C:/Users/LuisA/AppData/Local/UnrealEngine/4.23/DerivedDataCache/Boot.ddc
[2020.03.19-05.04.54:779][  0]LogDerivedDataCache: FDerivedDataBackendGraph:  Pak pak cache file ../../../../../../Users/LuisA/Documents/GitHub/VirtualWorldsMetroid/VirtualWorldsMetroid/DerivedDataCache/DDC.ddp not found, will not use a pak cache.
[2020.03.19-05.04.54:779][  0]LogDerivedDataCache: Unable to find inner node Pak for hierarchical cache Hierarchy.
[2020.03.19-05.04.54:780][  0]LogDerivedDataCache: FDerivedDataBackendGraph:  CompressedPak pak cache file ../../../../../../Users/LuisA/Documents/GitHub/VirtualWorldsMetroid/VirtualWorldsMetroid/DerivedDataCache/Compressed.ddp not found, will not use a pak cache.
[2020.03.19-05.04.54:780][  0]LogDerivedDataCache: Unable to find inner node CompressedPak for hierarchical cache Hierarchy.
[2020.03.19-05.04.54:787][  0]LogDerivedDataCache: Display: Pak cache opened for reading ../../../Engine/DerivedDataCache/Compressed.ddp.
[2020.03.19-05.04.54:787][  0]LogDerivedDataCache: FDerivedDataBackendGraph:  EnterprisePak pak cache file ../../../Enterprise/DerivedDataCache/Compressed.ddp not found, will not use a pak cache.
[2020.03.19-05.04.54:787][  0]LogDerivedDataCache: Unable to find inner node EnterprisePak for hierarchical cache Hierarchy.
[2020.03.19-05.04.54:788][  0]LogDerivedDataCache: Using Local data cache path C:/Users/LuisA/AppData/Local/UnrealEngine/Common/DerivedDataCache: Writable
[2020.03.19-05.04.54:788][  0]LogDerivedDataCache: Shared data cache path not found in *engine.ini, will not use an Shared cache.
[2020.03.19-05.04.54:788][  0]LogDerivedDataCache: Unable to find inner node Shared for hierarchical cache Hierarchy.
[2020.03.19-05.04.54:803][  0]LogMaterial: Verifying Global Shaders for PCD3D_SM5
[2020.03.19-05.04.54:805][  0]LogSlate: Using FreeType 2.6.0
[2020.03.19-05.04.54:805][  0]LogSlate: SlateFontServices - WITH_FREETYPE: 1, WITH_HARFBUZZ: 1
[2020.03.19-05.04.54:841][  0]LogAssetRegistry: FAssetRegistry took 0.0017 seconds to start up
[2020.03.19-05.04.55:010][  0]LogInit: Selected Device Profile: [Windows]
[2020.03.19-05.04.55:111][  0]LogMeshReduction: Using QuadricMeshReduction for automatic static mesh reduction
[2020.03.19-05.04.55:112][  0]LogMeshReduction: Using SimplygonMeshReduction for automatic skeletal mesh reduction
[2020.03.19-05.04.55:112][  0]LogMeshReduction: Using ProxyLODMeshReduction for automatic mesh merging
[2020.03.19-05.04.55:112][  0]LogMeshReduction: No distributed automatic mesh merging module available
[2020.03.19-05.04.55:112][  0]LogMeshMerging: No distributed automatic mesh merging module available
[2020.03.19-05.04.55:119][  0]LogNetVersion: VirtualWorldsMetroid 1.0.0, NetCL: 8386587, EngineNetVer: 11, GameNetVer: 0 (Checksum: 2009630754)
[2020.03.19-05.04.55:394][  0]LogPackageLocalizationCache: Processed 12 localized package path(s) for 1 prioritized culture(s) in 0.031504 seconds
[2020.03.19-05.04.55:398][  0]LogUObjectArray: 43445 objects as part of root set at end of initial load.
[2020.03.19-05.04.55:398][  0]LogUObjectAllocator: 7548872 out of 0 bytes used by permanent object pool.
[2020.03.19-05.04.55:398][  0]LogUObjectArray: CloseDisregardForGC: 0/0 objects in disregard for GC pool
[2020.03.19-05.04.55:946][  0]LogTcpMessaging: Initializing TcpMessaging bridge
[2020.03.19-05.04.55:948][  0]LogUdpMessaging: Initializing bridge on interface 0.0.0.0:0 to multicast group 230.0.0.1:6666.
[2020.03.19-05.04.55:982][  0]SourceControl: Source control is disabled
[2020.03.19-05.04.55:982][  0]SourceControl: Source control is disabled
[2020.03.19-05.04.55:982][  0]SourceControl: Source control is disabled
[2020.03.19-05.04.55:983][  0]SourceControl: Source control is disabled
[2020.03.19-05.04.56:038][  0]LogAndroidPermission: UAndroidPermissionCallbackProxy::GetInstance
[2020.03.19-05.04.56:122][  0]LogOcInput: OculusInput pre-init called
[2020.03.19-05.04.56:126][  0]LogWindows: Failed to load 'OVRPlugin.dll' (GetLastError=126)
[2020.03.19-05.04.56:126][  0]LogWindows: File 'OVRPlugin.dll' does not exist
[2020.03.19-05.04.56:173][  0]LogEngine: Initializing Engine...
[2020.03.19-05.04.56:174][  0]LogHMD: Failed to initialize OpenVR with code 110
[2020.03.19-05.04.56:175][  0]LogStats: UGameplayTagsManager::InitializeManager -  0.000 s
[2020.03.19-05.04.56:334][  0]LogInit: Initializing FReadOnlyCVARCache
[2020.03.19-05.04.56:343][  0]LogAIModule: Creating AISystem for world Untitled
[2020.03.19-05.04.56:359][  0]LogInit: XAudio2 using 'Speakers (Skullcandy GMX Stereo Transmitter)' : 1 channels at 48 kHz using 16 bits per sample (channel mask 0x0)
[2020.03.19-05.04.56:368][  0]LogInit: FAudioDevice initialized.
[2020.03.19-05.04.56:368][  0]LogNetVersion: Set ProjectVersion to 1.0.0.0. Version Checksum will be recalculated on next use.
[2020.03.19-05.04.56:408][  0]LogDerivedDataCache: Saved boot cache 0.04s 73MB C:/Users/LuisA/AppData/Local/UnrealEngine/4.23/DerivedDataCache/Boot.ddc.
[2020.03.19-05.04.56:414][  0]LogInit: Texture streaming: Enabled
[2020.03.19-05.04.56:427][  0]LogEngineSessionManager: EngineSessionManager initialized
[2020.03.19-05.04.56:427][  0]LogEditorSessionSummary: Verbose: Initializing EditorSessionSummaryWriter for editor session tracking
[2020.03.19-05.04.56:427][  0]LogEditorSessionSummary: EditorSessionSummaryWriter initialized
[2020.03.19-05.04.56:477][  0]LogInit: Transaction tracking system initialized
[2020.03.19-05.04.56:496][  0]BlueprintLog: New page: Editor Load
[2020.03.19-05.04.56:549][  0]LocalizationService: Localization service is disabled
[2020.03.19-05.04.56:706][  0]LogFileCache: Scanning file cache for directory 'C:/Users/LuisA/Documents/GitHub/VirtualWorldsMetroid/VirtualWorldsMetroid/Content/' took 0.00s
[2020.03.19-05.04.56:706][  0]LogCook: Display: Max memory allowance for cook 16384mb min free memory 0mb
[2020.03.19-05.04.56:706][  0]LogCook: Display: Mobile HDR setting 1
[2020.03.19-05.04.56:820][  0]SourceControl: Source control is disabled
[2020.03.19-05.04.56:820][  0]Cmd: MAP LOAD FILE="../../../../../../Users/LuisA/Documents/GitHub/VirtualWorldsMetroid/VirtualWorldsMetroid/Content/SideScrollerBP/Maps/MetroidLevel.umap" TEMPLATE=0 SHOWPROGRESS=1 FEATURELEVEL=3
[2020.03.19-05.04.56:821][  0]LightingResults: New page: Lighting Build
[2020.03.19-05.04.56:822][  0]LogWorld: UWorld::CleanupWorld for Untitled, bSessionEnded=true, bCleanupResources=true
[2020.03.19-05.04.56:822][  0]MapCheck: New page: Map Check
[2020.03.19-05.04.56:822][  0]LightingResults: New page: Lighting Build
[2020.03.19-05.04.56:851][  0]LogUObjectHash: Compacting FUObjectHashTables data took   1.25ms
[2020.03.19-05.04.57:558][  0]LogAIModule: Creating AISystem for world MetroidLevel
[2020.03.19-05.04.57:625][  0]LogEditorServer: Finished looking for orphan Actors (0.000 secs)
[2020.03.19-05.04.57:657][  0]LogUObjectHash: Compacting FUObjectHashTables data took   1.94ms
[2020.03.19-05.04.57:657][  0]Cmd: MAP CHECKDEP NOCLEARLOG
[2020.03.19-05.04.57:657][  0]MapCheck: Map check complete: 0 Error(s), 0 Warning(s), took 0.14ms to complete.
[2020.03.19-05.04.57:657][  0]LogFileHelpers: Loading map 'MetroidLevel' took 0.837
[2020.03.19-05.04.57:743][  0]LogSlate: Updating window title bar state: overlay mode, drag disabled, window buttons hidden, title bar hidden
[2020.03.19-05.04.57:748][  0]LogSlate: Updating window title bar state: overlay mode, drag disabled, window buttons hidden, title bar hidden
[2020.03.19-05.04.57:752][  0]LogSlate: Updating window title bar state: overlay mode, drag disabled, window buttons hidden, title bar hidden
[2020.03.19-05.04.57:757][  0]LogSlate: Updating window title bar state: overlay mode, drag disabled, window buttons hidden, title bar hidden
[2020.03.19-05.04.57:761][  0]LogCollectionManager: Loaded 0 collections in 0.001141 seconds
[2020.03.19-05.04.57:764][  0]LogFileCache: Scanning file cache for directory 'C:/Users/LuisA/Documents/GitHub/VirtualWorldsMetroid/VirtualWorldsMetroid/Saved/Collections/' took 0.00s
[2020.03.19-05.04.57:764][  0]LogFileCache: Scanning file cache for directory 'C:/Users/LuisA/Documents/GitHub/VirtualWorldsMetroid/VirtualWorldsMetroid/Content/Developers/LuisA/Collections/' took 0.00s
[2020.03.19-05.04.57:764][  0]LogFileCache: Scanning file cache for directory 'C:/Users/LuisA/Documents/GitHub/VirtualWorldsMetroid/VirtualWorldsMetroid/Content/Collections/' took 0.00s
[2020.03.19-05.04.57:764][  0]LogCollectionManager: Rebuilt the GUID cache for 0 collections in 0.000001 seconds
[2020.03.19-05.04.57:770][  0]LogContentBrowser: Native class hierarchy populated in 0.0056 seconds. Added 2863 classes and 680 folders.
[2020.03.19-05.04.57:775][  0]LogContentBrowser: Native class hierarchy updated for 'WidgetCarousel' in 0.0001 seconds. Added 0 classes and 0 folders.
[2020.03.19-05.04.57:798][  0]LogContentBrowser: Native class hierarchy updated for 'AddContentDialog' in 0.0001 seconds. Added 0 classes and 0 folders.
[2020.03.19-05.04.57:803][  0]LogContentBrowser: Native class hierarchy updated for 'SceneOutliner' in 0.0001 seconds. Added 1 classes and 2 folders.
[2020.03.19-05.04.57:850][  0]LogSlate: Took 0.000115 seconds to synchronously load lazily loaded font '../../../Engine/Content/Slate/Fonts/Roboto-Regular.ttf' (155K)
[2020.03.19-05.04.57:851][  0]LogSlate: Took 0.000081 seconds to synchronously load lazily loaded font '../../../Engine/Content/Slate/Fonts/Roboto-Bold.ttf' (160K)
[2020.03.19-05.04.57:854][  0]LogSlate: Took 0.000084 seconds to synchronously load lazily loaded font '../../../Engine/Content/Editor/Slate/Fonts/FontAwesome.ttf' (139K)
[2020.03.19-05.04.57:896][  0]LogRenderer: Reallocating scene render targets to support 1152x588 Format 10 NumSamples 1 (Frame:1).
[2020.03.19-05.04.57:921][  0]LogSlate: Took 0.000100 seconds to synchronously load lazily loaded font '../../../Engine/Content/Slate/Fonts/Roboto-Light.ttf' (167K)
[2020.03.19-05.04.57:952][  0]LogContentBrowser: Native class hierarchy updated for 'HierarchicalLODOutliner' in 0.0002 seconds. Added 0 classes and 0 folders.
[2020.03.19-05.04.57:952][  0]LogLoad: (Engine Initialization) Total time: 5.04 seconds
[2020.03.19-05.04.57:952][  0]LogLoad: (Engine Initialization) Total Blueprint compile time: 0.00 seconds
[2020.03.19-05.04.57:986][  0]LogAssetRegistry: Asset discovery search completed in 3.1460 seconds
[2020.03.19-05.04.57:988][  0]LogCollectionManager: Rebuilt the object cache for 0 collections in 0.000003 seconds (found 0 objects)
[2020.03.19-05.04.57:988][  0]LogCollectionManager: Fixed up redirectors for 0 collections in 0.000040 seconds (updated 0 objects)
[2020.03.19-05.04.57:989][  0]LogContentStreaming: Texture pool size now 1000 MB
[2020.03.19-05.04.59:413][ 73]LogSlate: Took 0.000119 seconds to synchronously load lazily loaded font '../../../Engine/Content/Slate/Fonts/Roboto-Light.ttf' (167K)
[2020.03.19-05.05.07:452][ 97]LogSlate: FSceneViewport::OnFocusLost() reason 0
[2020.03.19-05.05.11:221][463]LogFactory: FactoryCreateFile: SoundWave with ReimportSoundFactory (0 0 C:\Users\LuisA\Downloads\BG.wav)
[2020.03.19-05.05.19:141][353]Cmd: OBJ SAVEPACKAGE PACKAGE="/Game/Sounds/BG" FILE="../../../../../../Users/LuisA/Documents/GitHub/VirtualWorldsMetroid/VirtualWorldsMetroid/Content/Sounds/BG.uasset" SILENT=true
[2020.03.19-05.05.19:159][353]LogSavePackage: Moving '../../../../../../Users/LuisA/Documents/GitHub/VirtualWorldsMetroid/VirtualWorldsMetroid/Saved/BG0848BABE43EF1F2E7D4CE2A71936B8B1.tmp' to '../../../../../../Users/LuisA/Documents/GitHub/VirtualWorldsMetroid/VirtualWorldsMetroid/Content/Sounds/BG.uasset'
[2020.03.19-05.05.23:924][909]LogAssetEditorManager: Opening Asset editor for SoundCue /Game/Sounds/Ambient_Cue.Ambient_Cue
[2020.03.19-05.05.23:996][909]LogSlate: Took 0.000127 seconds to synchronously load lazily loaded font '../../../Engine/Content/Slate/Fonts/Roboto-BoldCondensed.ttf' (158K)
[2020.03.19-05.05.32:778][952]Cmd: OBJ SAVEPACKAGE PACKAGE="/Game/Sounds/Ambient_Cue" FILE="../../../../../../Users/LuisA/Documents/GitHub/VirtualWorldsMetroid/VirtualWorldsMetroid/Content/Sounds/Ambient_Cue.uasset" SILENT=true
[2020.03.19-05.05.32:790][952]LogSavePackage: Moving '../../../../../../Users/LuisA/Documents/GitHub/VirtualWorldsMetroid/VirtualWorldsMetroid/Saved/Ambient_Cue40CD06F4426304C36E0407B5E919AB1B.tmp' to '../../../../../../Users/LuisA/Documents/GitHub/VirtualWorldsMetroid/VirtualWorldsMetroid/Content/Sounds/Ambient_Cue.uasset'
[2020.03.19-05.05.35:000][216]LogSlate: Window 'Ambient_Cue' being destroyed
[2020.03.19-05.05.39:568][526]LogTemp: Repeating last play command: Selected Viewport
[2020.03.19-05.05.39:586][526]LogBlueprintUserMessages: Early PlayInEditor Detection: Level '/Game/SideScrollerBP/Maps/MetroidLevel.MetroidLevel:PersistentLevel' has LevelScriptBlueprint '/Game/SideScrollerBP/Maps/MetroidLevel.MetroidLevel:PersistentLevel.MetroidLevel' with GeneratedClass '/Game/SideScrollerBP/Maps/MetroidLevel.MetroidLevel_C' with ClassGeneratedBy '/Game/SideScrollerBP/Maps/MetroidLevel.MetroidLevel:PersistentLevel.MetroidLevel'
[2020.03.19-05.05.39:586][526]LogPlayLevel: PlayLevel: No blueprints needed recompiling
[2020.03.19-05.05.39:586][526]PIE: New page: PIE session: MetroidLevel (Mar 18, 2020, 5:05:39 PM)
[2020.03.19-05.05.39:587][526]LogOnline: OSS: Creating online subsystem instance for: NULL
[2020.03.19-05.05.39:587][526]LogPlayLevel: Creating play world package: /Game/SideScrollerBP/Maps/UEDPIE_0_MetroidLevel
[2020.03.19-05.05.39:626][526]LogPlayLevel: PIE: StaticDuplicateObject took: (0.039706s)
[2020.03.19-05.05.39:627][526]LogAIModule: Creating AISystem for world MetroidLevel
[2020.03.19-05.05.39:627][526]LogPlayLevel: PIE: World Init took: (0.000859s)
[2020.03.19-05.05.39:627][526]LogPlayLevel: PIE: Created PIE world by copying editor world from /Game/SideScrollerBP/Maps/MetroidLevel.MetroidLevel to /Game/SideScrollerBP/Maps/UEDPIE_0_MetroidLevel.MetroidLevel (0.040882s)
[2020.03.19-05.05.39:652][526]LogUObjectHash: Compacting FUObjectHashTables data took   1.14ms
[2020.03.19-05.05.39:662][526]LogInit: XAudio2 using 'Speakers (Skullcandy GMX Stereo Transmitter)' : 1 channels at 48 kHz using 16 bits per sample (channel mask 0x0)
[2020.03.19-05.05.39:668][526]LogInit: FAudioDevice initialized.
[2020.03.19-05.05.39:673][526]LogLoad: Game class is 'SideScrollerGameMode_C'
[2020.03.19-05.05.39:683][526]LogWorld: Bringing World /Game/SideScrollerBP/Maps/UEDPIE_0_MetroidLevel.MetroidLevel up for play (max tick rate 0) at 2020.03.18-23.05.39
[2020.03.19-05.05.39:685][526]LogWorld: Bringing up level for play took: 0.010758
[2020.03.19-05.05.39:685][526]LogOnline: OSS: Creating online subsystem instance for: :Context_24
[2020.03.19-05.05.39:690][526]LogContentBrowser: Native class hierarchy updated for 'MovieSceneCapture' in 0.0002 seconds. Added 20 classes and 0 folders.
[2020.03.19-05.05.39:692][526]PIE: Play in editor start time for /Game/SideScrollerBP/Maps/UEDPIE_0_MetroidLevel 0.748
[2020.03.19-05.05.39:693][526]LogBlueprintUserMessages: Late PlayInEditor Detection: Level '/Game/SideScrollerBP/Maps/MetroidLevel.MetroidLevel:PersistentLevel' has LevelScriptBlueprint '/Game/SideScrollerBP/Maps/MetroidLevel.MetroidLevel:PersistentLevel.MetroidLevel' with GeneratedClass '/Game/SideScrollerBP/Maps/MetroidLevel.MetroidLevel_C' with ClassGeneratedBy '/Game/SideScrollerBP/Maps/MetroidLevel.MetroidLevel:PersistentLevel.MetroidLevel'
[2020.03.19-05.05.45:770][251]LogAudioDerivedData: Display: Building compressed audio format OGG hash OGG wave BG...
[2020.03.19-05.05.47:159][251]LogAudioDerivedData: Display: Updated SoundWave->RawPCMDataSize from 0 to 21132288 while cooking SoundWave /Game/Sounds/BG.BG.
[2020.03.19-05.06.26:018][914]LogBlueprintUserMessages: Early EndPlayMap Detection: Level '/Game/SideScrollerBP/Maps/MetroidLevel.MetroidLevel:PersistentLevel' has LevelScriptBlueprint '/Game/SideScrollerBP/Maps/MetroidLevel.MetroidLevel:PersistentLevel.MetroidLevel' with GeneratedClass '/Game/SideScrollerBP/Maps/MetroidLevel.MetroidLevel_C' with ClassGeneratedBy '/Game/SideScrollerBP/Maps/MetroidLevel.MetroidLevel:PersistentLevel.MetroidLevel'
[2020.03.19-05.06.26:018][914]LogSlate: Updating window title bar state: overlay mode, drag disabled, window buttons hidden, title bar hidden
[2020.03.19-05.06.26:018][914]LogWorld: BeginTearingDown for /Game/SideScrollerBP/Maps/UEDPIE_0_MetroidLevel
[2020.03.19-05.06.26:019][914]LogWorld: UWorld::CleanupWorld for MetroidLevel, bSessionEnded=true, bCleanupResources=true
[2020.03.19-05.06.26:027][914]LogPlayLevel: Display: Shutting down PIE online subsystems
[2020.03.19-05.06.26:027][914]LogBlueprintUserMessages: Late EndPlayMap Detection: Level '/Game/SideScrollerBP/Maps/MetroidLevel.MetroidLevel:PersistentLevel' has LevelScriptBlueprint '/Game/SideScrollerBP/Maps/MetroidLevel.MetroidLevel:PersistentLevel.MetroidLevel' with GeneratedClass '/Game/SideScrollerBP/Maps/MetroidLevel.MetroidLevel_C' with ClassGeneratedBy '/Game/SideScrollerBP/Maps/MetroidLevel.MetroidLevel:PersistentLevel.MetroidLevel'
[2020.03.19-05.06.26:053][914]LogSlate: Updating window title bar state: overlay mode, drag disabled, window buttons hidden, title bar hidden
[2020.03.19-05.06.26:057][914]LogUObjectHash: Compacting FUObjectHashTables data took   1.27ms
[2020.03.19-05.06.26:117][920]LogPlayLevel: Display: Destroying online subsystem :Context_24
[2020.03.19-05.06.26:983][ 24]LogSlate: FSceneViewport::OnFocusLost() reason 0
[2020.03.19-05.06.27:109][ 35]LogUObjectHash: Compacting FUObjectHashTables data took   0.56ms
[2020.03.19-05.06.27:389][ 35]LogSavePackage: Moving '../../../../../../Users/LuisA/Documents/GitHub/VirtualWorldsMetroid/VirtualWorldsMetroid/Saved/MetroidLevel1816E3634A4B9F2993DE4A834B928118.tmp' to '../../../../../../Users/LuisA/Documents/GitHub/VirtualWorldsMetroid/VirtualWorldsMetroid/Content/SideScrollerBP/Maps/MetroidLevel.umap'
[2020.03.19-05.06.30:063][348]LogUObjectHash: Compacting FUObjectHashTables data took   1.46ms
[2020.03.19-05.06.30:152][348]LogSlate: Window 'VirtualWorldsMetroid - Unreal Editor' being destroyed
[2020.03.19-05.06.30:152][348]LogWindowsTextInputMethodSystem: Display: IME system now deactivated.
[2020.03.19-05.06.30:246][349]Cmd: QUIT_EDITOR
[2020.03.19-05.06.30:950][349]LogExit: Preparing to exit.
[2020.03.19-05.06.31:019][349]LogWorld: UWorld::CleanupWorld for World_0, bSessionEnded=true, bCleanupResources=true
[2020.03.19-05.06.31:019][349]LogWorld: UWorld::CleanupWorld for World_1, bSessionEnded=true, bCleanupResources=true
[2020.03.19-05.06.31:019][349]LogWorld: UWorld::CleanupWorld for World_2, bSessionEnded=true, bCleanupResources=true
[2020.03.19-05.06.31:019][349]LogWorld: UWorld::CleanupWorld for World_3, bSessionEnded=true, bCleanupResources=true
[2020.03.19-05.06.31:019][349]LogWorld: UWorld::CleanupWorld for World_4, bSessionEnded=true, bCleanupResources=true
[2020.03.19-05.06.31:019][349]LogWorld: UWorld::CleanupWorld for World_5, bSessionEnded=true, bCleanupResources=true
[2020.03.19-05.06.31:019][349]LogWorld: UWorld::CleanupWorld for World_6, bSessionEnded=true, bCleanupResources=true
[2020.03.19-05.06.31:019][349]LogWorld: UWorld::CleanupWorld for World_7, bSessionEnded=true, bCleanupResources=true
[2020.03.19-05.06.31:019][349]LogWorld: UWorld::CleanupWorld for World_8, bSessionEnded=true, bCleanupResources=true
[2020.03.19-05.06.31:019][349]LogWorld: UWorld::CleanupWorld for World_9, bSessionEnded=true, bCleanupResources=true
[2020.03.19-05.06.31:019][349]LogWorld: UWorld::CleanupWorld for World_10, bSessionEnded=true, bCleanupResources=true
[2020.03.19-05.06.31:019][349]LogWorld: UWorld::CleanupWorld for World_11, bSessionEnded=true, bCleanupResources=true
[2020.03.19-05.06.31:020][349]LogWorld: UWorld::CleanupWorld for World_12, bSessionEnded=true, bCleanupResources=true
[2020.03.19-05.06.31:020][349]LogWorld: UWorld::CleanupWorld for World_13, bSessionEnded=true, bCleanupResources=true
[2020.03.19-05.06.31:020][349]LogWorld: UWorld::CleanupWorld for World_14, bSessionEnded=true, bCleanupResources=true
[2020.03.19-05.06.31:020][349]LogWorld: UWorld::CleanupWorld for World_15, bSessionEnded=true, bCleanupResources=true
[2020.03.19-05.06.31:020][349]LogWorld: UWorld::CleanupWorld for World_16, bSessionEnded=true, bCleanupResources=true
[2020.03.19-05.06.31:020][349]LogWorld: UWorld::CleanupWorld for World_17, bSessionEnded=true, bCleanupResources=true
[2020.03.19-05.06.31:020][349]LogWorld: UWorld::CleanupWorld for World_18, bSessionEnded=true, bCleanupResources=true
[2020.03.19-05.06.31:020][349]LogWorld: UWorld::CleanupWorld for World_19, bSessionEnded=true, bCleanupResources=true
[2020.03.19-05.06.31:020][349]LogWorld: UWorld::CleanupWorld for World_20, bSessionEnded=true, bCleanupResources=true
[2020.03.19-05.06.31:020][349]LogWorld: UWorld::CleanupWorld for World_21, bSessionEnded=true, bCleanupResources=true
[2020.03.19-05.06.31:020][349]LogWorld: UWorld::CleanupWorld for World_22, bSessionEnded=true, bCleanupResources=true
[2020.03.19-05.06.31:030][349]LogDemo: Cleaned up 0 splitscreen connections with owner deletion
[2020.03.19-05.06.31:035][349]LogWorld: UWorld::CleanupWorld for None, bSessionEnded=true, bCleanupResources=true
[2020.03.19-05.06.31:035][349]LogExit: Editor shut down
[2020.03.19-05.06.31:035][349]LogExit: Transaction tracking system shut down
[2020.03.19-05.06.31:145][349]LogExit: Object subsystem successfully closed.
[2020.03.19-05.06.31:171][349]LogShaderCompilers: Display: Shaders left to compile 0
[2020.03.19-05.06.31:190][349]LogModuleManager: Shutting down and abandoning module MovieSceneCapture (672)
[2020.03.19-05.06.31:190][349]LogModuleManager: Shutting down and abandoning module Voice (670)
[2020.03.19-05.06.31:190][349]LogModuleManager: Shutting down and abandoning module HierarchicalLODOutliner (668)
[2020.03.19-05.06.31:190][349]LogModuleManager: Shutting down and abandoning module SceneOutliner (666)
[2020.03.19-05.06.31:190][349]LogModuleManager: Shutting down and abandoning module AddContentDialog (664)
[2020.03.19-05.06.31:190][349]LogModuleManager: Shutting down and abandoning module WidgetCarousel (663)
[2020.03.19-05.06.31:190][349]LogModuleManager: Shutting down and abandoning module EditorWidgets (660)
[2020.03.19-05.06.31:190][349]LogModuleManager: Shutting down and abandoning module CollectionManager (658)
[2020.03.19-05.06.31:190][349]LogModuleManager: Shutting down and abandoning module StatsViewer (656)
[2020.03.19-05.06.31:190][349]LogModuleManager: Shutting down and abandoning module VirtualTexturingEditor (654)
[2020.03.19-05.06.31:190][349]LogModuleManager: Shutting down and abandoning module FoliageEdit (652)
[2020.03.19-05.06.31:190][349]LogModuleManager: Shutting down and abandoning module LandscapeEditor (650)
[2020.03.19-05.06.31:191][349]LogModuleManager: Shutting down and abandoning module MeshPaintMode (648)
[2020.03.19-05.06.31:191][349]LogModuleManager: Shutting down and abandoning module SceneDepthPickerMode (646)
[2020.03.19-05.06.31:191][349]LogModuleManager: Shutting down and abandoning module ActorPickerMode (644)
[2020.03.19-05.06.31:191][349]LogModuleManager: Shutting down and abandoning module GeometryMode (642)
[2020.03.19-05.06.31:191][349]LogModuleManager: Shutting down and abandoning module TextureAlignMode (640)
[2020.03.19-05.06.31:191][349]LogModuleManager: Shutting down and abandoning module BspMode (638)
[2020.03.19-05.06.31:191][349]LogModuleManager: Shutting down and abandoning module PIEPreviewDeviceProfileSelector (636)
[2020.03.19-05.06.31:191][349]LogModuleManager: Shutting down and abandoning module SequenceRecorderSections (634)
[2020.03.19-05.06.31:191][349]LogModuleManager: Shutting down and abandoning module AutomationWorker (632)
[2020.03.19-05.06.31:191][349]LogModuleManager: Shutting down and abandoning module OculusMR (630)
[2020.03.19-05.06.31:191][349]LogModuleManager: Shutting down and abandoning module AudioCaptureEditor (628)
[2020.03.19-05.06.31:191][349]LogModuleManager: Shutting down and abandoning module MatineeToLevelSequence (626)
[2020.03.19-05.06.31:191][349]LogModuleManager: Shutting down and abandoning module LevelSequenceEditor (624)
[2020.03.19-05.06.31:191][349]LogModuleManager: Shutting down and abandoning module PlacementMode (623)
[2020.03.19-05.06.31:191][349]LogModuleManager: Shutting down and abandoning module MaterialEditor (622)
[2020.03.19-05.06.31:191][349]LogModuleManager: Shutting down and abandoning module ActorSequenceEditor (618)
[2020.03.19-05.06.31:191][349]LogModuleManager: Shutting down and abandoning module WmfMediaFactory (616)
[2020.03.19-05.06.31:191][349]LogModuleManager: Shutting down and abandoning module WmfMediaEditor (614)
[2020.03.19-05.06.31:191][349]LogModuleManager: Shutting down and abandoning module WebMMediaFactory (612)
[2020.03.19-05.06.31:191][349]LogModuleManager: Shutting down and abandoning module WebMMediaEditor (610)
[2020.03.19-05.06.31:191][349]LogModuleManager: Shutting down and abandoning module WebMMedia (608)
[2020.03.19-05.06.31:191][349]LogModuleManager: Shutting down and abandoning module MediaPlayerEditor (606)
[2020.03.19-05.06.31:191][349]LogModuleManager: Shutting down and abandoning module MediaCompositingEditor (604)
[2020.03.19-05.06.31:191][349]LogModuleManager: Shutting down and abandoning module SequenceRecorder (603)
[2020.03.19-05.06.31:191][349]LogModuleManager: Shutting down and abandoning module OpenExrWrapper (600)
[2020.03.19-05.06.31:191][349]LogModuleManager: Shutting down and abandoning module ImgMediaFactory (598)
[2020.03.19-05.06.31:191][349]LogModuleManager: Shutting down and abandoning module ImgMediaEditor (596)
[2020.03.19-05.06.31:191][349]LogModuleManager: Shutting down and abandoning module AvfMediaFactory (594)
[2020.03.19-05.06.31:191][349]LogModuleManager: Shutting down and abandoning module AvfMediaEditor (592)
[2020.03.19-05.06.31:191][349]LogModuleManager: Shutting down and abandoning module AndroidMediaFactory (590)
[2020.03.19-05.06.31:191][349]LogModuleManager: Shutting down and abandoning module AndroidMediaEditor (588)
[2020.03.19-05.06.31:191][349]LogModuleManager: Shutting down and abandoning module MagicLeapCameraPreviewFactory (586)
[2020.03.19-05.06.31:191][349]LogModuleManager: Shutting down and abandoning module MagicLeapMediaCodecFactory (584)
[2020.03.19-05.06.31:191][349]LogModuleManager: Shutting down and abandoning module MagicLeapMediaFactory (582)
[2020.03.19-05.06.31:191][349]LogModuleManager: Shutting down and abandoning module MagicLeapMediaEditor (580)
[2020.03.19-05.06.31:191][349]LogModuleManager: Shutting down and abandoning module CharacterAI (578)
[2020.03.19-05.06.31:191][349]LogModuleManager: Shutting down and abandoning module SmartSnapping (576)
[2020.03.19-05.06.31:191][349]LogModuleManager: Shutting down and abandoning module SessionServices (574)
[2020.03.19-05.06.31:191][349]LogModuleManager: Shutting down and abandoning module MeshPaint (572)
[2020.03.19-05.06.31:191][349]LogModuleManager: Shutting down and abandoning module ViewportSnapping (570)
[2020.03.19-05.06.31:191][349]LogModuleManager: Shutting down and abandoning module ViewportInteraction (568)
[2020.03.19-05.06.31:191][349]LogModuleManager: Shutting down and abandoning module ClothPainter (566)
[2020.03.19-05.06.31:191][349]LogModuleManager: Shutting down and abandoning module SkeletalMeshEditor (565)
[2020.03.19-05.06.31:191][349]LogModuleManager: Shutting down and abandoning module LogVisualizer (562)
[2020.03.19-05.06.31:191][349]LogModuleManager: Shutting down and abandoning module IntroTutorials (560)
[2020.03.19-05.06.31:191][349]LogModuleManager: Shutting down and abandoning module GameProjectGeneration (559)
[2020.03.19-05.06.31:191][349]LogModuleManager: Shutting down and abandoning module LuminPlatformEditor (556)
[2020.03.19-05.06.31:191][349]LogModuleManager: Shutting down and abandoning module IOSPlatformEditor (554)
[2020.03.19-05.06.31:191][349]LogModuleManager: Shutting down and abandoning module HTML5PlatformEditor (552)
[2020.03.19-05.06.31:191][349]LogModuleManager: Shutting down and abandoning module AndroidPlatformEditor (550)
[2020.03.19-05.06.31:191][349]LogModuleManager: Shutting down and abandoning module AndroidDeviceDetection (549)
[2020.03.19-05.06.31:625][349]LogModuleManager: Shutting down and abandoning module WindowsPlatformEditor (546)
[2020.03.19-05.06.31:625][349]LogModuleManager: Shutting down and abandoning module LuminRuntimeSettings (544)
[2020.03.19-05.06.31:625][349]LogModuleManager: Shutting down and abandoning module IOSRuntimeSettings (542)
[2020.03.19-05.06.31:625][349]LogModuleManager: Shutting down and abandoning module AndroidRuntimeSettings (540)
[2020.03.19-05.06.31:625][349]LogModuleManager: Shutting down and abandoning module TimeManagementEditor (538)
[2020.03.19-05.06.31:625][349]LogModuleManager: Shutting down and abandoning module InputBindingEditor (536)
[2020.03.19-05.06.31:625][349]LogModuleManager: Shutting down and abandoning module MergeActors (534)
[2020.03.19-05.06.31:625][349]LogModuleManager: Shutting down and abandoning module LocalizationDashboard (532)
[2020.03.19-05.06.31:625][349]LogModuleManager: Shutting down and abandoning module LocalizationService (531)
[2020.03.19-05.06.31:625][349]LogModuleManager: Shutting down and abandoning module HardwareTargeting (528)
[2020.03.19-05.06.31:625][349]LogModuleManager: Shutting down and abandoning module DeviceProfileEditor (526)
[2020.03.19-05.06.31:625][349]LogModuleManager: Shutting down and abandoning module UndoHistory (524)
[2020.03.19-05.06.31:625][349]LogModuleManager: Shutting down and abandoning module XmlParser (522)
[2020.03.19-05.06.31:625][349]LogModuleManager: Shutting down and abandoning module Blutility (520)
[2020.03.19-05.06.31:625][349]LogModuleManager: Shutting down and abandoning module ProjectSettingsViewer (518)
[2020.03.19-05.06.31:625][349]LogModuleManager: Shutting down and abandoning module ProjectTargetPlatformEditor (517)
[2020.03.19-05.06.31:625][349]LogModuleManager: Shutting down and abandoning module EditorSettingsViewer (514)
[2020.03.19-05.06.31:625][349]LogModuleManager: Shutting down and abandoning module SettingsEditor (512)
[2020.03.19-05.06.31:625][349]LogModuleManager: Shutting down and abandoning module ProjectLauncher (510)
[2020.03.19-05.06.31:625][349]LogModuleManager: Shutting down and abandoning module SessionFrontend (508)
[2020.03.19-05.06.31:625][349]LogModuleManager: Shutting down and abandoning module ProfilerClient (506)
[2020.03.19-05.06.31:625][349]LogModuleManager: Shutting down and abandoning module DeviceManager (504)
[2020.03.19-05.06.31:625][349]LogModuleManager: Shutting down and abandoning module TargetDeviceServices (503)
[2020.03.19-05.06.31:667][349]LogModuleManager: Shutting down and abandoning module AutomationController (500)
[2020.03.19-05.06.31:667][349]LogModuleManager: Shutting down and abandoning module AutomationWindow (498)
[2020.03.19-05.06.31:667][349]LogModuleManager: Shutting down and abandoning module Layers (496)
[2020.03.19-05.06.31:667][349]LogModuleManager: Shutting down and abandoning module ComponentVisualizers (494)
[2020.03.19-05.06.31:667][349]LogModuleManager: Shutting down and abandoning module DetailCustomizations (492)
[2020.03.19-05.06.31:667][349]LogModuleManager: Shutting down and abandoning module PackagesDialog (490)
[2020.03.19-05.06.31:667][349]LogModuleManager: Shutting down and abandoning module AnimationBlueprintEditor (488)
[2020.03.19-05.06.31:667][349]LogModuleManager: Shutting down and abandoning module Persona (486)
[2020.03.19-05.06.31:667][349]LogModuleManager: Shutting down and abandoning module AdvancedPreviewScene (485)
[2020.03.19-05.06.31:667][349]LogModuleManager: Shutting down and abandoning module AnimGraph (483)
[2020.03.19-05.06.31:667][349]LogModuleManager: Shutting down and abandoning module Kismet (480)
[2020.03.19-05.06.31:668][349]LogModuleManager: Shutting down and abandoning module KismetWidgets (479)
[2020.03.19-05.06.31:668][349]LogModuleManager: Shutting down and abandoning module GraphEditor (476)
[2020.03.19-05.06.31:668][349]LogModuleManager: Shutting down and abandoning module StructViewer (474)
[2020.03.19-05.06.31:668][349]LogModuleManager: Shutting down and abandoning module ClassViewer (472)
[2020.03.19-05.06.31:668][349]LogModuleManager: Shutting down and abandoning module Toolbox (470)
[2020.03.19-05.06.31:668][349]LogModuleManager: Shutting down and abandoning module ModuleUI (468)
[2020.03.19-05.06.31:668][349]LogModuleManager: Shutting down and abandoning module MovieSceneTools (466)
[2020.03.19-05.06.31:668][349]LogModuleManager: Shutting down and abandoning module OutputLog (464)
[2020.03.19-05.06.31:668][349]LogModuleManager: Shutting down and abandoning module GammaUI (462)
[2020.03.19-05.06.31:668][349]LogModuleManager: Shutting down and abandoning module Documentation (460)
[2020.03.19-05.06.31:668][349]LogModuleManager: Shutting down and abandoning module LiveCoding (458)
[2020.03.19-05.06.31:668][349]LogModuleManager: Shutting down and abandoning module LevelSequence (456)
[2020.03.19-05.06.31:668][349]LogModuleManager: Shutting down and abandoning module MovieSceneTracks (454)
[2020.03.19-05.06.31:668][349]LogModuleManager: Shutting down and abandoning module MovieScene (452)
[2020.03.19-05.06.31:668][349]LogModuleManager: Shutting down and abandoning module StreamingPauseRendering (450)
[2020.03.19-05.06.31:668][349]LogModuleManager: Shutting down and abandoning module LauncherPlatform (448)
[2020.03.19-05.06.31:668][349]LogModuleManager: Shutting down and abandoning module AnalyticsET (446)
[2020.03.19-05.06.31:668][349]LogModuleManager: Shutting down and abandoning module PortalServices (444)
[2020.03.19-05.06.31:668][349]LogModuleManager: Shutting down and abandoning module PortalRpc (442)
[2020.03.19-05.06.31:668][349]LogModuleManager: Shutting down and abandoning module MessagingRpc (440)
[2020.03.19-05.06.31:668][349]LogModuleManager: Shutting down and abandoning module AIModule (438)
[2020.03.19-05.06.31:668][349]LogModuleManager: Shutting down and abandoning module GameplayDebugger (437)
[2020.03.19-05.06.31:668][349]LogModuleManager: Shutting down and abandoning module AITestSuite (435)
[2020.03.19-05.06.31:668][349]LogModuleManager: Shutting down and abandoning module NavigationSystem (433)
[2020.03.19-05.06.31:668][349]LogModuleManager: Shutting down and abandoning module DesktopPlatform (430)
[2020.03.19-05.06.31:668][349]LogModuleManager: Shutting down and abandoning module ImageWriteQueue (428)
[2020.03.19-05.06.31:671][349]LogModuleManager: Shutting down and abandoning module ProfilerService (426)
[2020.03.19-05.06.31:831][349]LogModuleManager: Shutting down and abandoning module TaskGraph (424)
[2020.03.19-05.06.31:832][349]LogModuleManager: Shutting down and abandoning module ScreenshotTools (422)
[2020.03.19-05.06.31:832][349]LogModuleManager: Shutting down and abandoning module SteamVRController (420)
[2020.03.19-05.06.31:832][349]LogModuleManager: Shutting down and abandoning module ProceduralMeshComponentEditor (418)
[2020.03.19-05.06.31:832][349]LogModuleManager: Shutting down and abandoning module ProceduralMeshComponent (416)
[2020.03.19-05.06.31:832][349]LogModuleManager: Shutting down and abandoning module OculusEditor (414)
[2020.03.19-05.06.31:832][349]LogModuleManager: Shutting down and abandoning module OculusInput (412)
[2020.03.19-05.06.31:832][349]LogModuleManager: Shutting down and abandoning module MobilePatchingUtils (410)
[2020.03.19-05.06.31:832][349]LogModuleManager: Shutting down and abandoning module EditableMesh (408)
[2020.03.19-05.06.31:832][349]LogModuleManager: Shutting down and abandoning module CustomMeshComponent (406)
[2020.03.19-05.06.31:832][349]LogModuleManager: Shutting down and abandoning module CableComponent (404)
[2020.03.19-05.06.31:832][349]LogModuleManager: Shutting down and abandoning module AudioCapture (402)
[2020.03.19-05.06.31:832][349]LogModuleManager: Shutting down and abandoning module ArchVisCharacter (400)
[2020.03.19-05.06.31:832][349]LogModuleManager: Shutting down and abandoning module AppleImageUtilsBlueprintSupport (398)
[2020.03.19-05.06.31:832][349]LogModuleManager: Shutting down and abandoning module AppleImageUtils (396)
[2020.03.19-05.06.31:832][349]LogModuleManager: Shutting down and abandoning module AndroidPermission (394)
[2020.03.19-05.06.31:832][349]LogModuleManager: Shutting down and abandoning module NUTUnrealEngine4 (392)
[2020.03.19-05.06.31:832][349]LogModuleManager: Shutting down and abandoning module NetcodeUnitTest (390)
[2020.03.19-05.06.31:833][349]LogModuleManager: Shutting down and abandoning module MediaCompositing (388)
[2020.03.19-05.06.31:833][349]LogModuleManager: Shutting down and abandoning module ImgMedia (386)
[2020.03.19-05.06.31:833][349]LogModuleManager: Shutting down and abandoning module MagicLeapHelperVulkan (384)
[2020.03.19-05.06.31:833][349]LogModuleManager: Shutting down and abandoning module MagicLeapHelperOpenGL (382)
[2020.03.19-05.06.31:833][349]LogModuleManager: Shutting down and abandoning module MagicLeapAudio (380)
[2020.03.19-05.06.31:833][349]LogModuleManager: Shutting down and abandoning module HTML5Networking (378)
[2020.03.19-05.06.31:833][349]LogModuleManager: Shutting down and abandoning module GeometryCacheTracks (376)
[2020.03.19-05.06.31:833][349]LogModuleManager: Shutting down and abandoning module GeometryCacheSequencer (374)
[2020.03.19-05.06.31:833][349]LogModuleManager: Shutting down and abandoning module BackChannel (372)
[2020.03.19-05.06.31:833][349]LogModuleManager: Shutting down and abandoning module AutomationUtilsEditor (370)
[2020.03.19-05.06.31:833][349]LogModuleManager: Shutting down and abandoning module AutomationUtils (368)
[2020.03.19-05.06.31:833][349]LogModuleManager: Shutting down and abandoning module AlembicImporter (366)
[2020.03.19-05.06.31:833][349]LogModuleManager: Shutting down and abandoning module AlembicLibrary (365)
[2020.03.19-05.06.31:833][349]LogModuleManager: Shutting down and abandoning module GeometryCache (364)
[2020.03.19-05.06.31:833][349]LogModuleManager: Shutting down and abandoning module GeometryCacheEd (363)
[2020.03.19-05.06.31:833][349]LogModuleManager: Shutting down and abandoning module VariantManagerContent (358)
[2020.03.19-05.06.31:833][349]LogModuleManager: Shutting down and abandoning module DatasmithContentEditor (356)
[2020.03.19-05.06.31:833][349]LogModuleManager: Shutting down and abandoning module SpeedTreeImporter (354)
[2020.03.19-05.06.31:833][349]LogModuleManager: Shutting down and abandoning module PluginBrowser (352)
[2020.03.19-05.06.31:834][349]LogModuleManager: Shutting down and abandoning module MobileLauncherProfileWizard (350)
[2020.03.19-05.06.31:834][349]LogModuleManager: Shutting down and abandoning module MaterialAnalyzer (348)
[2020.03.19-05.06.31:834][349]LogModuleManager: Shutting down and abandoning module CurveEditorTools (346)
[2020.03.19-05.06.31:834][349]LogModuleManager: Shutting down and abandoning module CurveEditor (345)
[2020.03.19-05.06.31:834][349]LogModuleManager: Shutting down and abandoning module CryptoKeysOpenSSL (342)
[2020.03.19-05.06.31:834][349]LogModuleManager: Shutting down and abandoning module CryptoKeys (340)
[2020.03.19-05.06.31:834][349]LogModuleManager: Shutting down and abandoning module VisualStudioSourceCodeAccess (338)
[2020.03.19-05.06.31:834][349]LogModuleManager: Shutting down and abandoning module VisualStudioCodeSourceCodeAccess (336)
[2020.03.19-05.06.31:834][349]LogModuleManager: Shutting down and abandoning module UObjectPlugin (334)
[2020.03.19-05.06.31:834][349]LogModuleManager: Shutting down and abandoning module SubversionSourceControl (332)
[2020.03.19-05.06.31:834][349]LogModuleManager: Shutting down and abandoning module PerforceSourceControl (330)
[2020.03.19-05.06.31:834][349]LogModuleManager: Shutting down and abandoning module GitSourceControl (328)
[2020.03.19-05.06.31:834][349]LogModuleManager: Shutting down and abandoning module SourceControl (327)
[2020.03.19-05.06.31:835][349]LogModuleManager: Shutting down and abandoning module CLionSourceCodeAccess (324)
[2020.03.19-05.06.31:835][349]LogModuleManager: Shutting down and abandoning module AnimationSharingEd (322)
[2020.03.19-05.06.31:835][349]LogModuleManager: Shutting down and abandoning module ActorLayerUtilitiesEditor (320)
[2020.03.19-05.06.31:835][349]LogModuleManager: Shutting down and abandoning module ActorLayerUtilities (318)
[2020.03.19-05.06.31:835][349]LogModuleManager: Shutting down and abandoning module LightPropagationVolumeEditor (316)
[2020.03.19-05.06.31:835][349]LogModuleManager: Shutting down and abandoning module PaperTiledImporter (314)
[2020.03.19-05.06.31:835][349]LogModuleManager: Shutting down and abandoning module PaperSpriteSheetImporter (312)
[2020.03.19-05.06.31:835][349]LogModuleManager: Shutting down and abandoning module Paper2DEditor (310)
[2020.03.19-05.06.31:835][349]LogModuleManager: Shutting down and abandoning module SignificanceManager (308)
[2020.03.19-05.06.31:835][349]LogModuleManager: Shutting down and abandoning module RuntimePhysXCooking (306)
[2020.03.19-05.06.31:835][349]LogModuleManager: Shutting down and abandoning module PhysXVehiclesEditor (304)
[2020.03.19-05.06.31:835][349]LogModuleManager: Shutting down and abandoning module LocationServicesBPLibrary (300)
[2020.03.19-05.06.31:835][349]LogModuleManager: Shutting down and abandoning module ActorSequence (298)
[2020.03.19-05.06.31:835][349]LogModuleManager: Shutting down and abandoning module UdpMessaging (296)
[2020.03.19-05.06.31:936][349]LogModuleManager: Shutting down and abandoning module TcpMessaging (294)
[2020.03.19-05.06.32:037][349]LogModuleManager: Shutting down and abandoning module MagicLeapIdentity (292)
[2020.03.19-05.06.32:037][349]LogModuleManager: Shutting down and abandoning module MagicLeapSecureStorage (290)
[2020.03.19-05.06.32:037][349]LogModuleManager: Shutting down and abandoning module MagicLeapHandTracking (288)
[2020.03.19-05.06.32:037][349]LogModuleManager: Shutting down and abandoning module MagicLeapEyeTracker (286)
[2020.03.19-05.06.32:037][349]LogModuleManager: Shutting down and abandoning module MagicLeapController (284)
[2020.03.19-05.06.32:037][349]LogSlate: Slate User Destroyed.  User Index 0, Is Virtual User: 0
[2020.03.19-05.06.32:037][349]LogModuleManager: Shutting down and abandoning module MagicLeapAR (282)
[2020.03.19-05.06.32:037][349]LogModuleManager: Shutting down and abandoning module AugmentedReality (281)
[2020.03.19-05.06.32:037][349]LogModuleManager: Shutting down and abandoning module GameplayTagsEditor (278)
[2020.03.19-05.06.32:038][349]LogModuleManager: Shutting down and abandoning module FacialAnimationEditor (276)
[2020.03.19-05.06.32:038][349]LogModuleManager: Shutting down and abandoning module FacialAnimation (274)
[2020.03.19-05.06.32:038][349]LogModuleManager: Shutting down and abandoning module DataValidation (272)
[2020.03.19-05.06.32:038][349]LogModuleManager: Shutting down and abandoning module AssetManagerEditor (270)
[2020.03.19-05.06.32:038][349]LogModuleManager: Shutting down and abandoning module LevelEditor (269)
[2020.03.19-05.06.32:040][349]LogModuleManager: Shutting down and abandoning module PixelInspectorModule (268)
[2020.03.19-05.06.32:040][349]LogModuleManager: Shutting down and abandoning module CommonMenuExtensions (266)
[2020.03.19-05.06.32:040][349]LogModuleManager: Shutting down and abandoning module MainFrame (264)
[2020.03.19-05.06.32:040][349]LogModuleManager: Shutting down and abandoning module HotReload (263)
[2020.03.19-05.06.32:041][349]LogModuleManager: Shutting down and abandoning module ContentBrowser (259)
[2020.03.19-05.06.32:042][349]LogModuleManager: Shutting down and abandoning module TreeMap (257)
[2020.03.19-05.06.32:042][349]LogModuleManager: Shutting down and abandoning module AnimationSharing (254)
[2020.03.19-05.06.32:042][349]LogModuleManager: Shutting down and abandoning module LightPropagationVolumeRuntime (252)
[2020.03.19-05.06.32:042][349]LogModuleManager: Shutting down and abandoning module Paper2D (250)
[2020.03.19-05.06.32:042][349]LogModuleManager: Shutting down and abandoning module WindowsMoviePlayer (248)
[2020.03.19-05.06.32:044][349]LogModuleManager: Shutting down and abandoning module WebMMoviePlayer (246)
[2020.03.19-05.06.32:044][349]LogModuleManager: Shutting down and abandoning module NetworkReplayStreaming (244)
[2020.03.19-05.06.32:044][349]LogModuleManager: Shutting down and abandoning module PacketHandler (242)
[2020.03.19-05.06.32:044][349]LogModuleManager: Shutting down and abandoning module ClothingSystemEditor (240)
[2020.03.19-05.06.32:044][349]LogModuleManager: Shutting down and abandoning module ClothingSystemRuntime (238)
[2020.03.19-05.06.32:044][349]LogModuleManager: Shutting down and abandoning module MediaAssets (236)
[2020.03.19-05.06.32:044][349]LogModuleManager: Shutting down and abandoning module Overlay (234)
[2020.03.19-05.06.32:044][349]LogModuleManager: Shutting down and abandoning module OverlayEditor (233)
[2020.03.19-05.06.32:044][349]LogModuleManager: Shutting down and abandoning module VREditor (230)
[2020.03.19-05.06.32:044][349]LogModuleManager: Shutting down and abandoning module StringTableEditor (228)
[2020.03.19-05.06.32:044][349]LogModuleManager: Shutting down and abandoning module GameplayTasksEditor (226)
[2020.03.19-05.06.32:044][349]LogModuleManager: Shutting down and abandoning module BehaviorTreeEditor (224)
[2020.03.19-05.06.32:044][349]LogModuleManager: Shutting down and abandoning module FunctionalTesting (222)
[2020.03.19-05.06.32:044][349]LogModuleManager: Shutting down and abandoning module CollisionAnalyzer (220)
[2020.03.19-05.06.32:044][349]LogModuleManager: Shutting down and abandoning module WorkspaceMenuStructure (219)
[2020.03.19-05.06.32:044][349]LogModuleManager: Shutting down and abandoning module UMG (216)
[2020.03.19-05.06.32:044][349]LogModuleManager: Shutting down and abandoning module UMGEditor (215)
[2020.03.19-05.06.32:044][349]LogModuleManager: Shutting down and abandoning module Sequencer (214)
[2020.03.19-05.06.32:044][349]LogModuleManager: Shutting down and abandoning module MessageLog (211)
[2020.03.19-05.06.32:044][349]LogModuleManager: Shutting down and abandoning module SlateReflector (206)
[2020.03.19-05.06.32:044][349]LogModuleManager: Shutting down and abandoning module Slate (204)
[2020.03.19-05.06.32:044][349]LogModuleManager: Shutting down and abandoning module LandscapeEditorUtilities (202)
[2020.03.19-05.06.32:044][349]LogModuleManager: Shutting down and abandoning module EditorStyle (200)
[2020.03.19-05.06.32:045][349]LogModuleManager: Shutting down and abandoning module UnrealEd (198)
[2020.03.19-05.06.32:045][349]LogModuleManager: Shutting down and abandoning module MRMesh (196)
[2020.03.19-05.06.32:045][349]LogModuleManager: Shutting down and abandoning module SourceCodeAccess (194)
[2020.03.19-05.06.32:045][349]LogModuleManager: Shutting down and abandoning module HeadMountedDisplay (192)
[2020.03.19-05.06.32:045][349]LogModuleManager: Shutting down and abandoning module XAudio2 (190)
[2020.03.19-05.06.32:045][349]LogModuleManager: Shutting down and abandoning module Networking (188)
[2020.03.19-05.06.32:045][349]LogModuleManager: Shutting down and abandoning module Core (186)
[2020.03.19-05.06.32:045][349]LogModuleManager: Shutting down and abandoning module KismetCompiler (184)
[2020.03.19-05.06.32:045][349]LogModuleManager: Shutting down and abandoning module MeshUtilities (182)
[2020.03.19-05.06.32:045][349]LogModuleManager: Shutting down and abandoning module MeshMergeUtilities (181)
[2020.03.19-05.06.32:045][349]LogModuleManager: Shutting down and abandoning module MeshReductionInterface (180)
[2020.03.19-05.06.32:045][349]LogModuleManager: Shutting down and abandoning module SkeletalMeshReduction (179)
[2020.03.19-05.06.32:045][349]LogModuleManager: Shutting down and abandoning module ProxyLODMeshReduction (177)
[2020.03.19-05.06.32:045][349]LogModuleManager: Shutting down and abandoning module QuadricMeshReduction (175)
[2020.03.19-05.06.32:045][349]LogModuleManager: Shutting down and abandoning module MaterialBaking (171)
[2020.03.19-05.06.32:045][349]LogModuleManager: Shutting down and abandoning module NullInstallBundleManager (166)
[2020.03.19-05.06.32:045][349]LogModuleManager: Shutting down and abandoning module DerivedDataCache (164)
[2020.03.19-05.06.32:446][349]LogDerivedDataCache: Shutdown
[2020.03.19-05.06.32:446][349]LogModuleManager: Shutting down and abandoning module XGEController (162)
[2020.03.19-05.06.32:446][349]LogModuleManager: Shutting down and abandoning module TargetPlatform (160)
[2020.03.19-05.06.32:446][349]LogModuleManager: Shutting down and abandoning module VulkanShaderFormat (159)
[2020.03.19-05.06.32:446][349]LogModuleManager: Shutting down and abandoning module ShaderFormatVectorVM (157)
[2020.03.19-05.06.32:446][349]LogModuleManager: Shutting down and abandoning module ShaderFormatOpenGL (155)
[2020.03.19-05.06.32:446][349]LogModuleManager: Shutting down and abandoning module ShaderFormatD3D (153)
[2020.03.19-05.06.32:446][349]LogModuleManager: Shutting down and abandoning module MetalShaderFormat (151)
[2020.03.19-05.06.32:446][349]LogModuleManager: Shutting down and abandoning module TextureFormatUncompressed (149)
[2020.03.19-05.06.32:446][349]LogModuleManager: Shutting down and abandoning module TextureFormatPVR (147)
[2020.03.19-05.06.32:446][349]LogModuleManager: Shutting down and abandoning module TextureFormatDXT (145)
[2020.03.19-05.06.32:446][349]LogModuleManager: Shutting down and abandoning module TextureFormatIntelISPCTexComp (143)
[2020.03.19-05.06.32:446][349]LogModuleManager: Shutting down and abandoning module TextureFormatASTC (141)
[2020.03.19-05.06.32:446][349]LogModuleManager: Shutting down and abandoning module ImageWrapper (140)
[2020.03.19-05.06.32:446][349]LogModuleManager: Shutting down and abandoning module TextureFormatAndroid (137)
[2020.03.19-05.06.32:446][349]LogModuleManager: Shutting down and abandoning module AudioFormatOpus (135)
[2020.03.19-05.06.32:446][349]LogModuleManager: Shutting down and abandoning module AudioFormatOgg (133)
[2020.03.19-05.06.32:446][349]LogModuleManager: Shutting down and abandoning module AudioFormatADPCM (131)
[2020.03.19-05.06.32:446][349]LogModuleManager: Shutting down and abandoning module LuminTargetPlatform (129)
[2020.03.19-05.06.32:446][349]LogModuleManager: Shutting down and abandoning module LinuxTargetPlatform (127)
[2020.03.19-05.06.32:446][349]LogModuleManager: Shutting down and abandoning module LinuxServerTargetPlatform (125)
[2020.03.19-05.06.32:446][349]LogModuleManager: Shutting down and abandoning module LinuxNoEditorTargetPlatform (123)
[2020.03.19-05.06.32:446][349]LogModuleManager: Shutting down and abandoning module LinuxClientTargetPlatform (121)
[2020.03.19-05.06.32:446][349]LogModuleManager: Shutting down and abandoning module TVOSTargetPlatform (119)
[2020.03.19-05.06.32:447][349]LogModuleManager: Shutting down and abandoning module Messaging (117)
[2020.03.19-05.06.32:447][349]LogModuleManager: Shutting down and abandoning module IOSTargetPlatform (115)
[2020.03.19-05.06.32:447][349]LogModuleManager: Shutting down and abandoning module HTML5TargetPlatform (113)
[2020.03.19-05.06.32:447][349]LogModuleManager: Shutting down and abandoning module AndroidTargetPlatform (111)
[2020.03.19-05.06.32:451][349]LogModuleManager: Shutting down and abandoning module WindowsTargetPlatform (109)
[2020.03.19-05.06.32:451][349]LogModuleManager: Shutting down and abandoning module WindowsServerTargetPlatform (107)
[2020.03.19-05.06.32:451][349]LogModuleManager: Shutting down and abandoning module WindowsNoEditorTargetPlatform (105)
[2020.03.19-05.06.32:451][349]LogModuleManager: Shutting down and abandoning module WindowsClientTargetPlatform (103)
[2020.03.19-05.06.32:451][349]LogModuleManager: Shutting down and abandoning module MacTargetPlatform (101)
[2020.03.19-05.06.32:451][349]LogModuleManager: Shutting down and abandoning module MacServerTargetPlatform (99)
[2020.03.19-05.06.32:451][349]LogModuleManager: Shutting down and abandoning module MacNoEditorTargetPlatform (97)
[2020.03.19-05.06.32:451][349]LogModuleManager: Shutting down and abandoning module MacClientTargetPlatform (95)
[2020.03.19-05.06.32:451][349]LogModuleManager: Shutting down and abandoning module AllDesktopTargetPlatform (93)
[2020.03.19-05.06.32:451][349]LogModuleManager: Shutting down and abandoning module InputCore (90)
[2020.03.19-05.06.32:451][349]LogModuleManager: Shutting down and abandoning module Settings (88)
[2020.03.19-05.06.32:451][349]LogModuleManager: Shutting down and abandoning module DirectoryWatcher (86)
[2020.03.19-05.06.32:451][349]LogModuleManager: Shutting down and abandoning module PhysXCooking (84)
[2020.03.19-05.06.32:451][349]LogModuleManager: Shutting down and abandoning module WindowsPlatformFeatures (82)
[2020.03.19-05.06.32:451][349]LogModuleManager: Shutting down and abandoning module GameplayMediaEncoder (81)
[2020.03.19-05.06.32:451][349]LogModuleManager: Shutting down and abandoning module SteamVR (78)
[2020.03.19-05.06.32:451][349]LogHMD: Freeing OpenVRDLLHandle.
[2020.03.19-05.06.32:451][349]LogModuleManager: Shutting down and abandoning module OculusHMD (76)
[2020.03.19-05.06.32:451][349]LogModuleManager: Shutting down and abandoning module ExampleDeviceProfileSelector (74)
[2020.03.19-05.06.32:451][349]LogModuleManager: Shutting down and abandoning module LauncherChunkInstaller (72)
[2020.03.19-05.06.32:451][349]LogModuleManager: Shutting down and abandoning module OnlineBlueprintSupport (70)
[2020.03.19-05.06.32:451][349]LogModuleManager: Shutting down and abandoning module OnlineSubsystem (66)
[2020.03.19-05.06.32:452][349]LogModuleManager: Shutting down and abandoning module XMPP (61)
[2020.03.19-05.06.32:452][349]LogModuleManager: Shutting down and abandoning module WebSockets (60)
[2020.03.19-05.06.32:484][349]LogModuleManager: Shutting down and abandoning module HTTP (57)
[2020.03.19-05.06.32:484][349]LogHttp: Display: Http module shutting down, but needs to wait on 1 outstanding Http requests:
[2020.03.19-05.06.32:484][349]LogHttp: Display: 	verb=[POST] url=[https://datarouter.ol.epicgames.com/datarouter/api/v1/public/data?SessionID=%7B50AD49F2-49B5-EE0E-D9A8-F488AE3C0EE0%7D&AppID=UEEditor.Rocket.Release&AppVersion=4.23.1-9631420%2B%2B%2BUE4%2BRelease-4.23&UserID=1d34e13a4f8f2c89381335960f8fe8e7%7C13475a43b2de4396a61ddf992b8e7ee2%7C331b69af-d4f0-4517-8716-caf07fc6e7c3&AppEnvironment=datacollector-binary&UploadType=eteventstream] status=Processing
[2020.03.19-05.06.32:498][349]LogModuleManager: Shutting down and abandoning module SSL (56)
[2020.03.19-05.06.32:499][349]LogModuleManager: Shutting down and abandoning module WmfMedia (52)
[2020.03.19-05.06.32:500][349]LogModuleManager: Shutting down and abandoning module Media (51)
[2020.03.19-05.06.32:500][349]LogModuleManager: Shutting down and abandoning module MagicLeap (48)
[2020.03.19-05.06.32:500][349]LogModuleManager: Shutting down and abandoning module DatasmithContent (46)
[2020.03.19-05.06.32:500][349]LogModuleManager: Shutting down and abandoning module AISupportModule (44)
[2020.03.19-05.06.32:500][349]LogModuleManager: Shutting down and abandoning module PlatformCryptoOpenSSL (42)
[2020.03.19-05.06.32:500][349]LogModuleManager: Shutting down and abandoning module PlatformCrypto (40)
[2020.03.19-05.06.32:500][349]LogModuleManager: Shutting down and abandoning module AnimationModifiers (38)
[2020.03.19-05.06.32:500][349]LogModuleManager: Shutting down and abandoning module PropertyEditor (37)
[2020.03.19-05.06.32:500][349]LogModuleManager: Shutting down and abandoning module AudioEditor (34)
[2020.03.19-05.06.32:500][349]LogModuleManager: Shutting down and abandoning module TextureCompressor (32)
[2020.03.19-05.06.32:501][349]LogModuleManager: Shutting down and abandoning module RenderCore (30)
[2020.03.19-05.06.32:501][349]LogModuleManager: Shutting down and abandoning module Landscape (28)
[2020.03.19-05.06.32:501][349]LogModuleManager: Shutting down and abandoning module SlateRHIRenderer (26)
[2020.03.19-05.06.32:501][349]LogModuleManager: Shutting down and abandoning module OpenGLDrv (24)
[2020.03.19-05.06.32:501][349]LogModuleManager: Shutting down and abandoning module D3D11RHI (22)
[2020.03.19-05.06.32:501][349]LogModuleManager: Shutting down and abandoning module AnimGraphRuntime (20)
[2020.03.19-05.06.32:501][349]LogModuleManager: Shutting down and abandoning module Renderer (18)
[2020.03.19-05.06.32:501][349]LogModuleManager: Shutting down and abandoning module Engine (16)
[2020.03.19-05.06.32:501][349]LogModuleManager: Shutting down and abandoning module CoreUObject (14)
[2020.03.19-05.06.32:501][349]LogModuleManager: Shutting down and abandoning module NetworkFile (12)
[2020.03.19-05.06.32:501][349]LogModuleManager: Shutting down and abandoning module CookedIterativeFile (10)
[2020.03.19-05.06.32:501][349]LogModuleManager: Shutting down and abandoning module StreamingFile (8)
[2020.03.19-05.06.32:501][349]LogModuleManager: Shutting down and abandoning module SandboxFile (6)
[2020.03.19-05.06.32:501][349]LogModuleManager: Shutting down and abandoning module PakFile (4)
[2020.03.19-05.06.32:501][349]LogModuleManager: Shutting down and abandoning module RSA (3)
[2020.03.19-05.06.32:502][349]LogD3D11RHI: Shutdown
[2020.03.19-05.06.32:502][349]LogD3D11RHI: CleanupD3DDevice
[2020.03.19-05.06.32:502][349]LogRendererCore: FGlobalDynamicReadBuffer::Cleanup()
[2020.03.19-05.06.32:502][349]LogRendererCore: FGlobalDynamicReadBuffer::Cleanup()
[2020.03.19-05.06.32:502][349]LogRendererCore: FGlobalDynamicReadBuffer::Cleanup()
[2020.03.19-05.06.32:591][349]LogD3D11RHI: ~FD3D11DynamicRHI
[2020.03.19-05.06.32:603][349]LogExit: Exiting.
[2020.03.19-05.06.32:612][349]Log file closed, 03/18/20 23:06:32
